00:20:41 BOT      - INFO     STARTING IN 5 SECONDS
00:20:46 BOT      - INFO     Tingle Tingle! Kooloo limpah!
00:20:50 BOT      - INFO     Waiting for game state to start: GameState: started: False
00:20:50 STATE    - INFO     **************************
00:20:50 STATE    - INFO     ***** STARTING GAME *****
00:20:50 STATE    - INFO     **************************
00:20:50 STATE    - INFO     TINGLE is player 1
00:20:50 STATE    - INFO     OPPONENT is player 2
00:20:50 parser   - DEBUG    [Zone] ZoneChangeList.ProcessChanges() - id=1 local=False [name=Gul'dan id=4 zone=PLAY zonePos=0 cardId=HERO_07 player=1] zone from  -> FRIENDLY PLAY (Hero)

00:20:50 STATE    - INFO     Adding our hero to play: Gul'dan (0/30) - (id:4)
00:20:50 STATE    - INFO     Adding Gul'dan (0/30) - (id:4) to active cards in zone PLAY
00:20:50 parser   - DEBUG    [Zone] ZoneChangeList.ProcessChanges() - id=1 local=False [name=Life Tap id=5 zone=PLAY zonePos=0 cardId=CS2_056 player=1] zone from  -> FRIENDLY PLAY (Hero Power)

00:20:50 STATE    - INFO     Moving Hero Power/Weapon to play but not as a minion: Life Tap - (id:5)
00:20:50 STATE    - INFO     Adding Life Tap - (id:5) to active cards in zone PLAY
00:20:50 STATE    - INFO     DRAW CARD: Chillwind Yeti (4:4/5) (id:7) (pos:None)
00:20:50 STATE    - INFO     Adding Chillwind Yeti (4:4/5) (id:7) (pos:None) to active cards in zone HAND
00:20:50 STATE    - INFO     Cards in HAND:
[Chillwind Yeti (4:4/5) (id:7) (pos:None)]
00:20:50 STATE    - INFO     Update card Chillwind Yeti (4:4/5) (id:7) (pos:1) to position 1 in HAND
00:20:50 STATE    - INFO     DRAW CARD: Bloodfen Raptor (2:3/2) (id:15) (pos:None)
00:20:50 STATE    - INFO     Adding Bloodfen Raptor (2:3/2) (id:15) (pos:None) to active cards in zone HAND
00:20:50 STATE    - INFO     Cards in HAND:
[Chillwind Yeti (4:4/5) (id:7) (pos:1),
 Bloodfen Raptor (2:3/2) (id:15) (pos:None)]
00:20:50 STATE    - INFO     Update card Bloodfen Raptor (2:3/2) (id:15) (pos:4) to position 4 in HAND
00:20:50 STATE    - INFO     DRAW CARD: Stormwind Champion (7:6/6) (id:32) (pos:None)
00:20:50 STATE    - INFO     Adding Stormwind Champion (7:6/6) (id:32) (pos:None) to active cards in zone HAND
00:20:50 STATE    - INFO     Cards in HAND:
[Chillwind Yeti (4:4/5) (id:7) (pos:1),
 Bloodfen Raptor (2:3/2) (id:15) (pos:4),
 Stormwind Champion (7:6/6) (id:32) (pos:None)]
00:20:50 STATE    - INFO     Update card Stormwind Champion (7:6/6) (id:32) (pos:2) to position 2 in HAND
00:20:50 STATE    - INFO     DRAW CARD: Gnomish Inventor (4:2/4) (id:34) (pos:None)
00:20:50 STATE    - INFO     Adding Gnomish Inventor (4:2/4) (id:34) (pos:None) to active cards in zone HAND
00:20:50 STATE    - INFO     Cards in HAND:
[Chillwind Yeti (4:4/5) (id:7) (pos:1),
 Bloodfen Raptor (2:3/2) (id:15) (pos:4),
 Stormwind Champion (7:6/6) (id:32) (pos:2),
 Gnomish Inventor (4:2/4) (id:34) (pos:None)]
00:20:50 STATE    - INFO     Update card Gnomish Inventor (4:2/4) (id:34) (pos:3) to position 3 in HAND
00:20:50 parser   - DEBUG    [Zone] ZoneChangeList.ProcessChanges() - id=1 local=False [name=Thrall id=36 zone=PLAY zonePos=0 cardId=HERO_02 player=2] zone from  -> OPPOSING PLAY (Hero)

00:20:50 STATE    - INFO     Adding opponent hero to play: Thrall (0/30) - (id:36)
00:20:50 STATE    - INFO     Adding Thrall (0/30) - (id:36) to active cards in zone PLAY
00:20:50 parser   - DEBUG    [Zone] ZoneChangeList.ProcessChanges() - id=1 local=False [name=Totemic Call id=37 zone=PLAY zonePos=0 cardId=CS2_049 player=2] zone from  -> OPPOSING PLAY (Hero Power)

00:20:50 STATE    - INFO     Moving Hero Power/Weapon to play but not as minion: Totemic Call - (id:37)
00:20:50 STATE    - INFO     Adding Totemic Call - (id:37) to active cards in zone PLAY
00:20:50 STATE    - INFO     DRAW CARD: The Coin - 0 mana (id:68)
00:20:50 STATE    - INFO     Adding The Coin - 0 mana (id:68) to active cards in zone HAND
00:20:50 STATE    - INFO     Cards in HAND:
[Chillwind Yeti (4:4/5) (id:7) (pos:1),
 Bloodfen Raptor (2:3/2) (id:15) (pos:4),
 Stormwind Champion (7:6/6) (id:32) (pos:2),
 Gnomish Inventor (4:2/4) (id:34) (pos:3),
 The Coin - 0 mana (id:68)]
00:20:50 STATE    - INFO     Update card The Coin - 0 mana (id:68) to position 5 in HAND
00:20:50 STATE    - INFO     **********
00:20:50 STATE    - INFO     TINGLE's TURN - 1 mana
00:20:50 STATE    - INFO     **********
00:20:50 STATE    - INFO     DRAW CARD: Voidwalker (1:1/3) (id:23) (pos:None)
00:20:50 STATE    - INFO     Adding Voidwalker (1:1/3) (id:23) (pos:None) to active cards in zone HAND
00:20:50 STATE    - INFO     Cards in HAND:
[Chillwind Yeti (4:4/5) (id:7) (pos:1),
 Bloodfen Raptor (2:3/2) (id:15) (pos:4),
 Stormwind Champion (7:6/6) (id:32) (pos:2),
 Gnomish Inventor (4:2/4) (id:34) (pos:3),
 The Coin - 0 mana (id:68),
 Voidwalker (1:1/3) (id:23) (pos:None)]
00:20:50 STATE    - INFO     Update card Voidwalker (1:1/3) (id:23) (pos:6) to position 6 in HAND
00:20:50 STATE    - INFO     TINGLE lost!
00:20:51 STATE    - INFO     **************************
00:20:51 STATE    - INFO     ***** STARTING GAME *****
00:20:51 STATE    - INFO     **************************
00:20:52 STATE    - INFO     TINGLE is player 1
00:20:52 STATE    - INFO     OPPONENT is player 2
00:20:52 parser   - DEBUG    [Zone] ZoneChangeList.ProcessChanges() - id=1 local=False [name=Gul'dan id=4 zone=PLAY zonePos=0 cardId=HERO_07 player=1] zone from  -> FRIENDLY PLAY (Hero)

00:20:52 STATE    - INFO     Adding our hero to play: Gul'dan (0/30) - (id:4)
00:20:52 STATE    - INFO     Adding Gul'dan (0/30) - (id:4) to active cards in zone PLAY
00:20:52 parser   - DEBUG    [Zone] ZoneChangeList.ProcessChanges() - id=1 local=False [name=Life Tap id=5 zone=PLAY zonePos=0 cardId=CS2_056 player=1] zone from  -> FRIENDLY PLAY (Hero Power)

00:20:52 STATE    - INFO     Moving Hero Power/Weapon to play but not as a minion: Life Tap - (id:5)
00:20:52 STATE    - INFO     Adding Life Tap - (id:5) to active cards in zone PLAY
00:20:52 STATE    - INFO     DRAW CARD: Bluegill Warrior (2:2/1) (id:7) (pos:None)
00:20:52 STATE    - INFO     Adding Bluegill Warrior (2:2/1) (id:7) (pos:None) to active cards in zone HAND
00:20:52 STATE    - INFO     Cards in HAND:
[Bluegill Warrior (2:2/1) (id:7) (pos:None)]
00:20:52 STATE    - INFO     Update card Bluegill Warrior (2:2/1) (id:7) (pos:1) to position 1 in HAND
00:20:52 STATE    - INFO     DRAW CARD: Voidwalker (1:1/3) (id:27) (pos:None)
00:20:52 STATE    - INFO     Adding Voidwalker (1:1/3) (id:27) (pos:None) to active cards in zone HAND
00:20:52 STATE    - INFO     Cards in HAND:
[Bluegill Warrior (2:2/1) (id:7) (pos:1),
 Voidwalker (1:1/3) (id:27) (pos:None)]
00:20:52 STATE    - INFO     Update card Voidwalker (1:1/3) (id:27) (pos:4) to position 4 in HAND
00:20:52 STATE    - INFO     DRAW CARD: Lord of the Arena (6:6/5) (id:28) (pos:None)
00:20:52 STATE    - INFO     Adding Lord of the Arena (6:6/5) (id:28) (pos:None) to active cards in zone HAND
00:20:52 STATE    - INFO     Cards in HAND:
[Bluegill Warrior (2:2/1) (id:7) (pos:1),
 Voidwalker (1:1/3) (id:27) (pos:4),
 Lord of the Arena (6:6/5) (id:28) (pos:None)]
00:20:52 STATE    - INFO     Update card Lord of the Arena (6:6/5) (id:28) (pos:3) to position 3 in HAND
00:20:52 STATE    - INFO     DRAW CARD: River Crocolisk (2:2/3) (id:29) (pos:None)
00:20:52 STATE    - INFO     Adding River Crocolisk (2:2/3) (id:29) (pos:None) to active cards in zone HAND
00:20:52 STATE    - INFO     Cards in HAND:
[Bluegill Warrior (2:2/1) (id:7) (pos:1),
 Voidwalker (1:1/3) (id:27) (pos:4),
 Lord of the Arena (6:6/5) (id:28) (pos:3),
 River Crocolisk (2:2/3) (id:29) (pos:None)]
00:20:52 STATE    - INFO     Update card River Crocolisk (2:2/3) (id:29) (pos:2) to position 2 in HAND
00:20:52 parser   - DEBUG    [Zone] ZoneChangeList.ProcessChanges() - id=1 local=False [name=Malfurion Stormrage id=36 zone=PLAY zonePos=0 cardId=HERO_06 player=2] zone from  -> OPPOSING PLAY (Hero)

00:20:52 STATE    - INFO     Adding opponent hero to play: Malfurion Stormrage (0/30) - (id:36)
00:20:52 STATE    - INFO     Adding Malfurion Stormrage (0/30) - (id:36) to active cards in zone PLAY
00:20:52 parser   - DEBUG    [Zone] ZoneChangeList.ProcessChanges() - id=1 local=False [name=Shapeshift id=37 zone=PLAY zonePos=0 cardId=CS2_017 player=2] zone from  -> OPPOSING PLAY (Hero Power)

00:20:52 STATE    - INFO     Moving Hero Power/Weapon to play but not as minion: Shapeshift - (id:37)
00:20:52 STATE    - INFO     Adding Shapeshift - (id:37) to active cards in zone PLAY
00:20:52 STATE    - INFO     DRAW CARD: The Coin - 0 mana (id:68)
00:20:52 STATE    - INFO     Adding The Coin - 0 mana (id:68) to active cards in zone HAND
00:20:52 STATE    - INFO     Cards in HAND:
[Bluegill Warrior (2:2/1) (id:7) (pos:1),
 Voidwalker (1:1/3) (id:27) (pos:4),
 Lord of the Arena (6:6/5) (id:28) (pos:3),
 River Crocolisk (2:2/3) (id:29) (pos:2),
 The Coin - 0 mana (id:68)]
00:20:52 STATE    - INFO     Update card The Coin - 0 mana (id:68) to position 5 in HAND
00:20:52 STATE    - INFO     Update Lord of the Arena (6:6/5) (id:28) (pos:3) to zone DECK
00:20:52 STATE    - INFO     DRAW CARD: Dragonling Mechanic (4:2/4) (id:20) (pos:None)
00:20:52 STATE    - INFO     Adding Dragonling Mechanic (4:2/4) (id:20) (pos:None) to active cards in zone HAND
00:20:52 STATE    - INFO     Cards in HAND:
[Bluegill Warrior (2:2/1) (id:7) (pos:1),
 Voidwalker (1:1/3) (id:27) (pos:4),
 River Crocolisk (2:2/3) (id:29) (pos:2),
 The Coin - 0 mana (id:68),
 Dragonling Mechanic (4:2/4) (id:20) (pos:None)]
00:20:52 STATE    - INFO     Update card Dragonling Mechanic (4:2/4) (id:20) (pos:3) to position 3 in HAND
00:20:52 parser   - DEBUG    [Power] GameState.DebugPrintPower() -     TAG_CHANGE Entity=[id=47 cardId= type=INVALID zone=HAND zonePos=2 player=2] tag=EXHAUSTED value=1

00:20:52 STATE    - WARNING  No id 47 found to perform tag update for EXHAUSTED = 1
00:20:52 parser   - DEBUG    [Power] GameState.DebugPrintPower() -         TAG_CHANGE Entity=[name=Gul'dan id=4 zone=PLAY zonePos=0 cardId=HERO_07 player=1] tag=PREDAMAGE value=1

00:20:52 parser   - DEBUG    [Power] GameState.DebugPrintPower() -         TAG_CHANGE Entity=[name=Gul'dan id=4 zone=PLAY zonePos=0 cardId=HERO_07 player=1] tag=PREDAMAGE value=0

00:20:52 parser   - DEBUG    [Power] GameState.DebugPrintPower() -         TAG_CHANGE Entity=[name=Gul'dan id=4 zone=PLAY zonePos=0 cardId=HERO_07 player=1] tag=DAMAGE value=1

00:20:52 STATE    - INFO     Gul'dan (0/30) - (id:4) has 1 DAMAGE
00:20:52 STATE    - INFO     **********
00:20:52 STATE    - INFO     TINGLE's TURN - 1 mana
00:20:52 STATE    - INFO     **********
00:20:52 parser   - DEBUG    [Zone] ZoneChangeList.ProcessChanges() - id=4 local=False [name=Elven Archer id=47 zone=PLAY zonePos=2 cardId=CS2_189 player=2] zone from OPPOSING HAND -> OPPOSING PLAY

00:20:52 STATE    - INFO     Adding Elven Archer (1:1/1) (id:47) (pos:2) to active cards in zone PLAY
00:20:52 STATE    - INFO     OPPONENT plays: Elven Archer (1:1/1) (id:47) (pos:2)
00:20:52 STATE    - INFO     OPPONENT's minions:
[Elven Archer (1:1/1) (id:47) (pos:2)]
00:20:52 STATE    - INFO     Update card Elven Archer (1:1/1) (id:47) (pos:1) to position 1 in PLAY
00:20:52 STATE    - INFO     DRAW CARD: Raid Leader (3:2/2) (id:16) (pos:None)
00:20:52 STATE    - INFO     Adding Raid Leader (3:2/2) (id:16) (pos:None) to active cards in zone HAND
00:20:52 STATE    - INFO     Cards in HAND:
[Bluegill Warrior (2:2/1) (id:7) (pos:1),
 Voidwalker (1:1/3) (id:27) (pos:4),
 River Crocolisk (2:2/3) (id:29) (pos:2),
 The Coin - 0 mana (id:68),
 Dragonling Mechanic (4:2/4) (id:20) (pos:3),
 Raid Leader (3:2/2) (id:16) (pos:None)]
00:20:52 STATE    - INFO     Update card Raid Leader (3:2/2) (id:16) (pos:6) to position 6 in HAND
00:20:52 STATE    - INFO     TINGLE lost!
00:20:53 STATE    - INFO     **************************
00:20:53 STATE    - INFO     ***** STARTING GAME *****
00:20:53 STATE    - INFO     **************************
00:20:53 STATE    - INFO     TINGLE is player 1
00:20:53 STATE    - INFO     OPPONENT is player 2
00:20:53 parser   - DEBUG    [Zone] ZoneChangeList.ProcessChanges() - id=1 local=False [name=Gul'dan id=4 zone=PLAY zonePos=0 cardId=HERO_07 player=1] zone from  -> FRIENDLY PLAY (Hero)

00:20:53 STATE    - INFO     Adding our hero to play: Gul'dan (0/30) - (id:4)
00:20:53 STATE    - INFO     Adding Gul'dan (0/30) - (id:4) to active cards in zone PLAY
00:20:53 parser   - DEBUG    [Zone] ZoneChangeList.ProcessChanges() - id=1 local=False [name=Life Tap id=5 zone=PLAY zonePos=0 cardId=CS2_056 player=1] zone from  -> FRIENDLY PLAY (Hero Power)

00:20:53 STATE    - INFO     Moving Hero Power/Weapon to play but not as a minion: Life Tap - (id:5)
00:20:53 STATE    - INFO     Adding Life Tap - (id:5) to active cards in zone PLAY
00:20:53 STATE    - INFO     DRAW CARD: Voidwalker (1:1/3) (id:8) (pos:None)
00:20:53 STATE    - INFO     Adding Voidwalker (1:1/3) (id:8) (pos:None) to active cards in zone HAND
00:20:53 STATE    - INFO     Cards in HAND:
[Voidwalker (1:1/3) (id:8) (pos:None)]
00:20:53 STATE    - INFO     Update card Voidwalker (1:1/3) (id:8) (pos:3) to position 3 in HAND
00:20:53 STATE    - INFO     DRAW CARD: Raid Leader (3:2/2) (id:25) (pos:None)
00:20:53 STATE    - INFO     Adding Raid Leader (3:2/2) (id:25) (pos:None) to active cards in zone HAND
00:20:53 STATE    - INFO     Cards in HAND:
[Voidwalker (1:1/3) (id:8) (pos:3), Raid Leader (3:2/2) (id:25) (pos:None)]
00:20:53 STATE    - INFO     Update card Raid Leader (3:2/2) (id:25) (pos:4) to position 4 in HAND
00:20:53 STATE    - INFO     DRAW CARD: Chillwind Yeti (4:4/5) (id:30) (pos:None)
00:20:53 STATE    - INFO     Adding Chillwind Yeti (4:4/5) (id:30) (pos:None) to active cards in zone HAND
00:20:53 STATE    - INFO     Cards in HAND:
[Voidwalker (1:1/3) (id:8) (pos:3),
 Raid Leader (3:2/2) (id:25) (pos:4),
 Chillwind Yeti (4:4/5) (id:30) (pos:None)]
00:20:53 STATE    - INFO     Update card Chillwind Yeti (4:4/5) (id:30) (pos:1) to position 1 in HAND
00:20:53 STATE    - INFO     DRAW CARD: Razorfen Hunter (3:2/3) (id:31) (pos:None)
00:20:53 STATE    - INFO     Adding Razorfen Hunter (3:2/3) (id:31) (pos:None) to active cards in zone HAND
00:20:53 STATE    - INFO     Cards in HAND:
[Voidwalker (1:1/3) (id:8) (pos:3),
 Raid Leader (3:2/2) (id:25) (pos:4),
 Chillwind Yeti (4:4/5) (id:30) (pos:1),
 Razorfen Hunter (3:2/3) (id:31) (pos:None)]
00:20:53 STATE    - INFO     Update card Razorfen Hunter (3:2/3) (id:31) (pos:2) to position 2 in HAND
00:20:53 parser   - DEBUG    [Zone] ZoneChangeList.ProcessChanges() - id=1 local=False [name=Thrall id=36 zone=PLAY zonePos=0 cardId=HERO_02 player=2] zone from  -> OPPOSING PLAY (Hero)

00:20:53 STATE    - INFO     Adding opponent hero to play: Thrall (0/30) - (id:36)
00:20:53 STATE    - INFO     Adding Thrall (0/30) - (id:36) to active cards in zone PLAY
00:20:53 parser   - DEBUG    [Zone] ZoneChangeList.ProcessChanges() - id=1 local=False [name=Totemic Call id=37 zone=PLAY zonePos=0 cardId=CS2_049 player=2] zone from  -> OPPOSING PLAY (Hero Power)

00:20:53 STATE    - INFO     Moving Hero Power/Weapon to play but not as minion: Totemic Call - (id:37)
00:20:53 STATE    - INFO     Adding Totemic Call - (id:37) to active cards in zone PLAY
00:20:53 STATE    - INFO     DRAW CARD: The Coin - 0 mana (id:68)
00:20:53 STATE    - INFO     Adding The Coin - 0 mana (id:68) to active cards in zone HAND
00:20:53 STATE    - INFO     Cards in HAND:
[Voidwalker (1:1/3) (id:8) (pos:3),
 Raid Leader (3:2/2) (id:25) (pos:4),
 Chillwind Yeti (4:4/5) (id:30) (pos:1),
 Razorfen Hunter (3:2/3) (id:31) (pos:2),
 The Coin - 0 mana (id:68)]
00:20:53 STATE    - INFO     Update card The Coin - 0 mana (id:68) to position 5 in HAND
00:20:53 STATE    - INFO     **********
00:20:53 STATE    - INFO     TINGLE's TURN - 1 mana
00:20:53 STATE    - INFO     **********
00:20:53 STATE    - INFO     DRAW CARD: Bloodfen Raptor (2:3/2) (id:7) (pos:None)
00:20:53 STATE    - INFO     Adding Bloodfen Raptor (2:3/2) (id:7) (pos:None) to active cards in zone HAND
00:20:53 STATE    - INFO     Cards in HAND:
[Voidwalker (1:1/3) (id:8) (pos:3),
 Raid Leader (3:2/2) (id:25) (pos:4),
 Chillwind Yeti (4:4/5) (id:30) (pos:1),
 Razorfen Hunter (3:2/3) (id:31) (pos:2),
 The Coin - 0 mana (id:68),
 Bloodfen Raptor (2:3/2) (id:7) (pos:None)]
00:20:53 STATE    - INFO     Update card Bloodfen Raptor (2:3/2) (id:7) (pos:6) to position 6 in HAND
00:20:53 STATE    - INFO     TINGLE lost!
00:20:54 STATE    - INFO     **************************
00:20:54 STATE    - INFO     ***** STARTING GAME *****
00:20:54 STATE    - INFO     **************************
00:20:55 STATE    - INFO     TINGLE is player 1
00:20:55 STATE    - INFO     OPPONENT is player 2
00:20:55 parser   - DEBUG    [Zone] ZoneChangeList.ProcessChanges() - id=1 local=False [name=Gul'dan id=4 zone=PLAY zonePos=0 cardId=HERO_07 player=1] zone from  -> FRIENDLY PLAY (Hero)

00:20:55 STATE    - INFO     Adding our hero to play: Gul'dan (0/30) - (id:4)
00:20:55 STATE    - INFO     Adding Gul'dan (0/30) - (id:4) to active cards in zone PLAY
00:20:55 parser   - DEBUG    [Zone] ZoneChangeList.ProcessChanges() - id=1 local=False [name=Life Tap id=5 zone=PLAY zonePos=0 cardId=CS2_056 player=1] zone from  -> FRIENDLY PLAY (Hero Power)

00:20:55 STATE    - INFO     Moving Hero Power/Weapon to play but not as a minion: Life Tap - (id:5)
00:20:55 STATE    - INFO     Adding Life Tap - (id:5) to active cards in zone PLAY
00:20:55 STATE    - INFO     DRAW CARD: Boulderfist Ogre (6:6/7) (id:6) (pos:None)
00:20:55 STATE    - INFO     Adding Boulderfist Ogre (6:6/7) (id:6) (pos:None) to active cards in zone HAND
00:20:55 STATE    - INFO     Cards in HAND:
[Boulderfist Ogre (6:6/7) (id:6) (pos:None)]
00:20:55 STATE    - INFO     Update card Boulderfist Ogre (6:6/7) (id:6) (pos:2) to position 2 in HAND
00:20:55 STATE    - INFO     DRAW CARD: Acidic Swamp Ooze (2:3/2) (id:7) (pos:None)
00:20:55 STATE    - INFO     Adding Acidic Swamp Ooze (2:3/2) (id:7) (pos:None) to active cards in zone HAND
00:20:55 STATE    - INFO     Cards in HAND:
[Boulderfist Ogre (6:6/7) (id:6) (pos:2),
 Acidic Swamp Ooze (2:3/2) (id:7) (pos:None)]
00:20:55 STATE    - INFO     Update card Acidic Swamp Ooze (2:3/2) (id:7) (pos:3) to position 3 in HAND
00:20:55 STATE    - INFO     DRAW CARD: Bloodfen Raptor (2:3/2) (id:17) (pos:None)
00:20:55 STATE    - INFO     Adding Bloodfen Raptor (2:3/2) (id:17) (pos:None) to active cards in zone HAND
00:20:55 STATE    - INFO     Cards in HAND:
[Boulderfist Ogre (6:6/7) (id:6) (pos:2),
 Acidic Swamp Ooze (2:3/2) (id:7) (pos:3),
 Bloodfen Raptor (2:3/2) (id:17) (pos:None)]
00:20:55 STATE    - INFO     Update card Bloodfen Raptor (2:3/2) (id:17) (pos:1) to position 1 in HAND
00:20:55 STATE    - INFO     DRAW CARD: Razorfen Hunter (3:2/3) (id:20) (pos:None)
00:20:55 STATE    - INFO     Adding Razorfen Hunter (3:2/3) (id:20) (pos:None) to active cards in zone HAND
00:20:55 STATE    - INFO     Cards in HAND:
[Boulderfist Ogre (6:6/7) (id:6) (pos:2),
 Acidic Swamp Ooze (2:3/2) (id:7) (pos:3),
 Bloodfen Raptor (2:3/2) (id:17) (pos:1),
 Razorfen Hunter (3:2/3) (id:20) (pos:None)]
00:20:55 STATE    - INFO     Update card Razorfen Hunter (3:2/3) (id:20) (pos:4) to position 4 in HAND
00:20:55 parser   - DEBUG    [Zone] ZoneChangeList.ProcessChanges() - id=1 local=False [name=Thrall id=36 zone=PLAY zonePos=0 cardId=HERO_02 player=2] zone from  -> OPPOSING PLAY (Hero)

00:20:55 STATE    - INFO     Adding opponent hero to play: Thrall (0/30) - (id:36)
00:20:55 STATE    - INFO     Adding Thrall (0/30) - (id:36) to active cards in zone PLAY
00:20:55 parser   - DEBUG    [Zone] ZoneChangeList.ProcessChanges() - id=1 local=False [name=Totemic Call id=37 zone=PLAY zonePos=0 cardId=CS2_049 player=2] zone from  -> OPPOSING PLAY (Hero Power)

00:20:55 STATE    - INFO     Moving Hero Power/Weapon to play but not as minion: Totemic Call - (id:37)
00:20:55 STATE    - INFO     Adding Totemic Call - (id:37) to active cards in zone PLAY
00:20:55 STATE    - INFO     DRAW CARD: The Coin - 0 mana (id:68)
00:20:55 STATE    - INFO     Adding The Coin - 0 mana (id:68) to active cards in zone HAND
00:20:55 STATE    - INFO     Cards in HAND:
[Boulderfist Ogre (6:6/7) (id:6) (pos:2),
 Acidic Swamp Ooze (2:3/2) (id:7) (pos:3),
 Bloodfen Raptor (2:3/2) (id:17) (pos:1),
 Razorfen Hunter (3:2/3) (id:20) (pos:4),
 The Coin - 0 mana (id:68)]
00:20:55 STATE    - INFO     Update card The Coin - 0 mana (id:68) to position 5 in HAND
00:20:55 STATE    - INFO     **********
00:20:55 STATE    - INFO     TINGLE's TURN - 1 mana
00:20:55 STATE    - INFO     **********
00:20:55 STATE    - INFO     DRAW CARD: Chillwind Yeti (4:4/5) (id:25) (pos:None)
00:20:55 STATE    - INFO     Adding Chillwind Yeti (4:4/5) (id:25) (pos:None) to active cards in zone HAND
00:20:55 STATE    - INFO     Cards in HAND:
[Boulderfist Ogre (6:6/7) (id:6) (pos:2),
 Acidic Swamp Ooze (2:3/2) (id:7) (pos:3),
 Bloodfen Raptor (2:3/2) (id:17) (pos:1),
 Razorfen Hunter (3:2/3) (id:20) (pos:4),
 The Coin - 0 mana (id:68),
 Chillwind Yeti (4:4/5) (id:25) (pos:None)]
00:20:55 STATE    - INFO     Update card Chillwind Yeti (4:4/5) (id:25) (pos:6) to position 6 in HAND
00:20:55 STATE    - INFO     TINGLE lost!
00:20:56 STATE    - INFO     **************************
00:20:56 STATE    - INFO     ***** STARTING GAME *****
00:20:56 STATE    - INFO     **************************
00:20:56 STATE    - INFO     TINGLE is player 1
00:20:56 STATE    - INFO     OPPONENT is player 2
00:20:56 parser   - DEBUG    [Zone] ZoneChangeList.ProcessChanges() - id=1 local=False [name=Gul'dan id=4 zone=PLAY zonePos=0 cardId=HERO_07 player=1] zone from  -> FRIENDLY PLAY (Hero)

00:20:56 STATE    - INFO     Adding our hero to play: Gul'dan (0/30) - (id:4)
00:20:56 STATE    - INFO     Adding Gul'dan (0/30) - (id:4) to active cards in zone PLAY
00:20:56 parser   - DEBUG    [Zone] ZoneChangeList.ProcessChanges() - id=1 local=False [name=Life Tap id=5 zone=PLAY zonePos=0 cardId=CS2_056 player=1] zone from  -> FRIENDLY PLAY (Hero Power)

00:20:56 STATE    - INFO     Moving Hero Power/Weapon to play but not as a minion: Life Tap - (id:5)
00:20:56 STATE    - INFO     Adding Life Tap - (id:5) to active cards in zone PLAY
00:20:56 STATE    - INFO     DRAW CARD: Raid Leader (3:2/2) (id:12) (pos:None)
00:20:56 STATE    - INFO     Adding Raid Leader (3:2/2) (id:12) (pos:None) to active cards in zone HAND
00:20:56 STATE    - INFO     Cards in HAND:
[Raid Leader (3:2/2) (id:12) (pos:None)]
00:20:56 STATE    - INFO     Update card Raid Leader (3:2/2) (id:12) (pos:3) to position 3 in HAND
00:20:56 STATE    - INFO     DRAW CARD: Razorfen Hunter (3:2/3) (id:26) (pos:None)
00:20:56 STATE    - INFO     Adding Razorfen Hunter (3:2/3) (id:26) (pos:None) to active cards in zone HAND
00:20:56 STATE    - INFO     Cards in HAND:
[Raid Leader (3:2/2) (id:12) (pos:3),
 Razorfen Hunter (3:2/3) (id:26) (pos:None)]
00:20:56 STATE    - INFO     Update card Razorfen Hunter (3:2/3) (id:26) (pos:4) to position 4 in HAND
00:20:56 STATE    - INFO     DRAW CARD: Raid Leader (3:2/2) (id:27) (pos:None)
00:20:56 STATE    - INFO     Adding Raid Leader (3:2/2) (id:27) (pos:None) to active cards in zone HAND
00:20:56 STATE    - INFO     Cards in HAND:
[Raid Leader (3:2/2) (id:12) (pos:3),
 Razorfen Hunter (3:2/3) (id:26) (pos:4),
 Raid Leader (3:2/2) (id:27) (pos:None)]
00:20:56 STATE    - INFO     Update card Raid Leader (3:2/2) (id:27) (pos:1) to position 1 in HAND
00:20:56 STATE    - INFO     DRAW CARD: Bloodfen Raptor (2:3/2) (id:29) (pos:None)
00:20:56 STATE    - INFO     Adding Bloodfen Raptor (2:3/2) (id:29) (pos:None) to active cards in zone HAND
00:20:56 STATE    - INFO     Cards in HAND:
[Raid Leader (3:2/2) (id:12) (pos:3),
 Razorfen Hunter (3:2/3) (id:26) (pos:4),
 Raid Leader (3:2/2) (id:27) (pos:1),
 Bloodfen Raptor (2:3/2) (id:29) (pos:None)]
00:20:56 STATE    - INFO     Update card Bloodfen Raptor (2:3/2) (id:29) (pos:2) to position 2 in HAND
00:20:56 parser   - DEBUG    [Zone] ZoneChangeList.ProcessChanges() - id=1 local=False [name=Thrall id=36 zone=PLAY zonePos=0 cardId=HERO_02 player=2] zone from  -> OPPOSING PLAY (Hero)

00:20:56 STATE    - INFO     Adding opponent hero to play: Thrall (0/30) - (id:36)
00:20:56 STATE    - INFO     Adding Thrall (0/30) - (id:36) to active cards in zone PLAY
00:20:56 parser   - DEBUG    [Zone] ZoneChangeList.ProcessChanges() - id=1 local=False [name=Totemic Call id=37 zone=PLAY zonePos=0 cardId=CS2_049 player=2] zone from  -> OPPOSING PLAY (Hero Power)

00:20:56 STATE    - INFO     Moving Hero Power/Weapon to play but not as minion: Totemic Call - (id:37)
00:20:56 STATE    - INFO     Adding Totemic Call - (id:37) to active cards in zone PLAY
00:20:56 STATE    - INFO     DRAW CARD: The Coin - 0 mana (id:68)
00:20:56 STATE    - INFO     Adding The Coin - 0 mana (id:68) to active cards in zone HAND
00:20:56 STATE    - INFO     Cards in HAND:
[Raid Leader (3:2/2) (id:12) (pos:3),
 Razorfen Hunter (3:2/3) (id:26) (pos:4),
 Raid Leader (3:2/2) (id:27) (pos:1),
 Bloodfen Raptor (2:3/2) (id:29) (pos:2),
 The Coin - 0 mana (id:68)]
00:20:56 STATE    - INFO     Update card The Coin - 0 mana (id:68) to position 5 in HAND
00:20:56 parser   - DEBUG    [Power] GameState.DebugPrintPower() -     TAG_CHANGE Entity=[id=64 cardId= type=INVALID zone=DECK zonePos=0 player=2] tag=ATTACKING value=1

00:20:56 STATE    - WARNING  No id 64 found to perform tag update for ATTACKING = 1
00:20:56 parser   - DEBUG    [Power] GameState.DebugPrintPower() -     TAG_CHANGE Entity=[name=Gul'dan id=4 zone=PLAY zonePos=0 cardId=HERO_07 player=1] tag=DEFENDING value=1

00:20:56 parser   - DEBUG    [Power] GameState.DebugPrintPower() -     TAG_CHANGE Entity=[name=Gul'dan id=4 zone=PLAY zonePos=0 cardId=HERO_07 player=1] tag=PREDAMAGE value=1

00:20:56 parser   - DEBUG    [Power] GameState.DebugPrintPower() -     TAG_CHANGE Entity=[name=Gul'dan id=4 zone=PLAY zonePos=0 cardId=HERO_07 player=1] tag=PREDAMAGE value=0

00:20:56 parser   - DEBUG    [Power] GameState.DebugPrintPower() -     TAG_CHANGE Entity=[name=Gul'dan id=4 zone=PLAY zonePos=0 cardId=HERO_07 player=1] tag=DAMAGE value=1

00:20:56 STATE    - INFO     Gul'dan (0/30) - (id:4) has 1 DAMAGE
00:20:56 parser   - DEBUG    [Power] GameState.DebugPrintPower() -     TAG_CHANGE Entity=[id=64 cardId= type=INVALID zone=DECK zonePos=0 player=2] tag=EXHAUSTED value=1

00:20:56 STATE    - WARNING  No id 64 found to perform tag update for EXHAUSTED = 1
00:20:56 parser   - DEBUG    [Power] GameState.DebugPrintPower() -     TAG_CHANGE Entity=[id=64 cardId= type=INVALID zone=DECK zonePos=0 player=2] tag=ATTACKING value=0

00:20:56 STATE    - WARNING  No id 64 found to perform tag update for ATTACKING = 0
00:20:56 parser   - DEBUG    [Power] GameState.DebugPrintPower() -     TAG_CHANGE Entity=[name=Gul'dan id=4 zone=PLAY zonePos=0 cardId=HERO_07 player=1] tag=DEFENDING value=0

00:20:56 STATE    - INFO     **********
00:20:56 STATE    - INFO     TINGLE's TURN - 1 mana
00:20:56 STATE    - INFO     **********
00:20:56 parser   - DEBUG    [Zone] ZoneChangeList.ProcessChanges() - id=3 local=False [name=Stonetusk Boar id=64 zone=PLAY zonePos=4 cardId=CS2_171 player=2] zone from OPPOSING HAND -> OPPOSING PLAY

00:20:56 STATE    - INFO     Adding Stonetusk Boar (1:1/1) (id:64) (pos:4) to active cards in zone PLAY
00:20:56 STATE    - INFO     OPPONENT plays: Stonetusk Boar (1:1/1) (id:64) (pos:4)
00:20:56 STATE    - INFO     OPPONENT's minions:
[Stonetusk Boar (1:1/1) (id:64) (pos:4)]
00:20:56 STATE    - INFO     Update card Stonetusk Boar (1:1/1) (id:64) (pos:1) to position 1 in PLAY
00:20:56 STATE    - INFO     DRAW CARD: Ironfur Grizzly (3:3/3) (id:6) (pos:None)
00:20:56 STATE    - INFO     Adding Ironfur Grizzly (3:3/3) (id:6) (pos:None) to active cards in zone HAND
00:20:56 STATE    - INFO     Cards in HAND:
[Raid Leader (3:2/2) (id:12) (pos:3),
 Razorfen Hunter (3:2/3) (id:26) (pos:4),
 Raid Leader (3:2/2) (id:27) (pos:1),
 Bloodfen Raptor (2:3/2) (id:29) (pos:2),
 The Coin - 0 mana (id:68),
 Ironfur Grizzly (3:3/3) (id:6) (pos:None)]
00:20:56 STATE    - INFO     Update card Ironfur Grizzly (3:3/3) (id:6) (pos:6) to position 6 in HAND
00:20:56 STATE    - INFO     Update card Ironfur Grizzly (3:3/3) (id:6) (pos:5) to position 5 in HAND
00:20:56 STATE    - INFO     Update The Coin - 0 mana (id:68) to zone PLAY
00:20:56 STATE    - INFO     Update The Coin - 0 mana (id:68) to zone GRAVEYARD
00:20:56 STATE    - INFO     The Coin - 0 mana (id:68) has been moved to graveyard
00:20:56 STATE    - INFO     **********
00:20:56 STATE    - INFO     OPPONENT TURN
00:20:56 STATE    - INFO     **********
00:20:56 parser   - DEBUG    [Power] GameState.DebugPrintPower() -     TAG_CHANGE Entity=[name=Stonetusk Boar id=64 zone=PLAY zonePos=1 cardId=CS2_171 player=2] tag=EXHAUSTED value=0

00:20:56 parser   - DEBUG    [Power] GameState.DebugPrintPower() -     TAG_CHANGE Entity=[id=53 cardId= type=INVALID zone=HAND zonePos=1 player=2] tag=EXHAUSTED value=1

00:20:56 STATE    - WARNING  No id 53 found to perform tag update for EXHAUSTED = 1
00:20:56 parser   - DEBUG    [Power] GameState.DebugPrintPower() - ACTION_START Entity=[name=Stonetusk Boar id=64 zone=PLAY zonePos=1 cardId=CS2_171 player=2] SubType=ATTACK Index=-1 Target=[name=Gul'dan id=4 zone=PLAY zonePos=0 cardId=HERO_07 player=1]

00:20:56 STATE    - INFO     ATTACK: Stonetusk Boar (1:1/1) (id:64) (pos:1) -> Gul'dan (0/30) - (id:4)
00:20:56 parser   - DEBUG    [Power] GameState.DebugPrintPower() -     TAG_CHANGE Entity=[name=Stonetusk Boar id=64 zone=PLAY zonePos=1 cardId=CS2_171 player=2] tag=ATTACKING value=1

00:20:56 parser   - DEBUG    [Power] GameState.DebugPrintPower() -     TAG_CHANGE Entity=[name=Gul'dan id=4 zone=PLAY zonePos=0 cardId=HERO_07 player=1] tag=DEFENDING value=1

00:20:56 parser   - DEBUG    [Power] GameState.DebugPrintPower() -     TAG_CHANGE Entity=[name=Gul'dan id=4 zone=PLAY zonePos=0 cardId=HERO_07 player=1] tag=PREDAMAGE value=1

00:20:56 parser   - DEBUG    [Power] GameState.DebugPrintPower() -     TAG_CHANGE Entity=[name=Gul'dan id=4 zone=PLAY zonePos=0 cardId=HERO_07 player=1] tag=PREDAMAGE value=0

00:20:56 parser   - DEBUG    [Power] GameState.DebugPrintPower() -     TAG_CHANGE Entity=[name=Gul'dan id=4 zone=PLAY zonePos=0 cardId=HERO_07 player=1] tag=DAMAGE value=2

00:20:56 STATE    - INFO     Gul'dan (0/30) - (id:4) has 2 DAMAGE
00:20:56 parser   - DEBUG    [Power] GameState.DebugPrintPower() -     TAG_CHANGE Entity=[name=Stonetusk Boar id=64 zone=PLAY zonePos=1 cardId=CS2_171 player=2] tag=EXHAUSTED value=1

00:20:56 parser   - DEBUG    [Power] GameState.DebugPrintPower() -     TAG_CHANGE Entity=[name=Stonetusk Boar id=64 zone=PLAY zonePos=1 cardId=CS2_171 player=2] tag=ATTACKING value=0

00:20:56 parser   - DEBUG    [Power] GameState.DebugPrintPower() -     TAG_CHANGE Entity=[name=Gul'dan id=4 zone=PLAY zonePos=0 cardId=HERO_07 player=1] tag=DEFENDING value=0

00:20:56 STATE    - INFO     **********
00:20:56 STATE    - INFO     TINGLE's TURN - 2 mana
00:20:56 STATE    - INFO     **********
00:20:56 parser   - DEBUG    [Zone] ZoneChangeList.ProcessChanges() - id=8 local=False [name=Frostwolf Grunt id=53 zone=PLAY zonePos=1 cardId=CS2_121 player=2] zone from OPPOSING HAND -> OPPOSING PLAY

00:20:56 STATE    - INFO     Adding Frostwolf Grunt (2:2/2) (id:53) (pos:1) to active cards in zone PLAY
00:20:56 STATE    - INFO     OPPONENT plays: Frostwolf Grunt (2:2/2) (id:53) (pos:1)
00:20:56 STATE    - INFO     OPPONENT's minions:
[Stonetusk Boar (1:1/1) (id:64) (pos:1),
 Frostwolf Grunt (2:2/2) (id:53) (pos:1)]
00:20:56 STATE    - INFO     Update card Stonetusk Boar (1:1/1) (id:64) (pos:2) to position 2 in PLAY
00:20:56 STATE    - INFO     DRAW CARD: Sen'jin Shieldmasta (4:3/5) (id:28) (pos:None)
00:20:56 STATE    - INFO     Adding Sen'jin Shieldmasta (4:3/5) (id:28) (pos:None) to active cards in zone HAND
00:20:56 STATE    - INFO     Cards in HAND:
[Raid Leader (3:2/2) (id:12) (pos:3),
 Razorfen Hunter (3:2/3) (id:26) (pos:4),
 Raid Leader (3:2/2) (id:27) (pos:1),
 Bloodfen Raptor (2:3/2) (id:29) (pos:2),
 Ironfur Grizzly (3:3/3) (id:6) (pos:5),
 Sen'jin Shieldmasta (4:3/5) (id:28) (pos:None)]
00:20:56 STATE    - INFO     Update card Sen'jin Shieldmasta (4:3/5) (id:28) (pos:6) to position 6 in HAND
00:20:56 STATE    - INFO     TINGLE lost!
00:20:57 STATE    - INFO     **************************
00:20:57 STATE    - INFO     ***** STARTING GAME *****
00:20:57 STATE    - INFO     **************************
00:20:58 STATE    - INFO     TINGLE is player 1
00:20:58 STATE    - INFO     OPPONENT is player 2
00:20:58 parser   - DEBUG    [Zone] ZoneChangeList.ProcessChanges() - id=1 local=False [name=Gul'dan id=4 zone=PLAY zonePos=0 cardId=HERO_07 player=1] zone from  -> FRIENDLY PLAY (Hero)

00:20:58 STATE    - INFO     Adding our hero to play: Gul'dan (0/30) - (id:4)
00:20:58 STATE    - INFO     Adding Gul'dan (0/30) - (id:4) to active cards in zone PLAY
00:20:58 parser   - DEBUG    [Zone] ZoneChangeList.ProcessChanges() - id=1 local=False [name=Life Tap id=5 zone=PLAY zonePos=0 cardId=CS2_056 player=1] zone from  -> FRIENDLY PLAY (Hero Power)

00:20:58 STATE    - INFO     Moving Hero Power/Weapon to play but not as a minion: Life Tap - (id:5)
00:20:58 STATE    - INFO     Adding Life Tap - (id:5) to active cards in zone PLAY
00:20:58 STATE    - INFO     DRAW CARD: Sen'jin Shieldmasta (4:3/5) (id:8) (pos:None)
00:20:58 STATE    - INFO     Adding Sen'jin Shieldmasta (4:3/5) (id:8) (pos:None) to active cards in zone HAND
00:20:58 STATE    - INFO     Cards in HAND:
[Sen'jin Shieldmasta (4:3/5) (id:8) (pos:None)]
00:20:58 STATE    - INFO     Update card Sen'jin Shieldmasta (4:3/5) (id:8) (pos:4) to position 4 in HAND
00:20:58 STATE    - INFO     DRAW CARD: Ironfur Grizzly (3:3/3) (id:17) (pos:None)
00:20:58 STATE    - INFO     Adding Ironfur Grizzly (3:3/3) (id:17) (pos:None) to active cards in zone HAND
00:20:58 STATE    - INFO     Cards in HAND:
[Sen'jin Shieldmasta (4:3/5) (id:8) (pos:4),
 Ironfur Grizzly (3:3/3) (id:17) (pos:None)]
00:20:58 STATE    - INFO     Update card Ironfur Grizzly (3:3/3) (id:17) (pos:3) to position 3 in HAND
00:20:58 STATE    - INFO     DRAW CARD: Boulderfist Ogre (6:6/7) (id:26) (pos:None)
00:20:58 STATE    - INFO     Adding Boulderfist Ogre (6:6/7) (id:26) (pos:None) to active cards in zone HAND
00:20:58 STATE    - INFO     Cards in HAND:
[Sen'jin Shieldmasta (4:3/5) (id:8) (pos:4),
 Ironfur Grizzly (3:3/3) (id:17) (pos:3),
 Boulderfist Ogre (6:6/7) (id:26) (pos:None)]
00:20:58 STATE    - INFO     Update card Boulderfist Ogre (6:6/7) (id:26) (pos:2) to position 2 in HAND
00:20:58 STATE    - INFO     DRAW CARD: Dragonling Mechanic (4:2/4) (id:33) (pos:None)
00:20:58 STATE    - INFO     Adding Dragonling Mechanic (4:2/4) (id:33) (pos:None) to active cards in zone HAND
00:20:58 STATE    - INFO     Cards in HAND:
[Sen'jin Shieldmasta (4:3/5) (id:8) (pos:4),
 Ironfur Grizzly (3:3/3) (id:17) (pos:3),
 Boulderfist Ogre (6:6/7) (id:26) (pos:2),
 Dragonling Mechanic (4:2/4) (id:33) (pos:None)]
00:20:58 STATE    - INFO     Update card Dragonling Mechanic (4:2/4) (id:33) (pos:1) to position 1 in HAND
00:20:58 parser   - DEBUG    [Zone] ZoneChangeList.ProcessChanges() - id=1 local=False [name=Thrall id=36 zone=PLAY zonePos=0 cardId=HERO_02 player=2] zone from  -> OPPOSING PLAY (Hero)

00:20:58 STATE    - INFO     Adding opponent hero to play: Thrall (0/30) - (id:36)
00:20:58 STATE    - INFO     Adding Thrall (0/30) - (id:36) to active cards in zone PLAY
00:20:58 parser   - DEBUG    [Zone] ZoneChangeList.ProcessChanges() - id=1 local=False [name=Totemic Call id=37 zone=PLAY zonePos=0 cardId=CS2_049 player=2] zone from  -> OPPOSING PLAY (Hero Power)

00:20:58 STATE    - INFO     Moving Hero Power/Weapon to play but not as minion: Totemic Call - (id:37)
00:20:58 STATE    - INFO     Adding Totemic Call - (id:37) to active cards in zone PLAY
00:20:58 STATE    - INFO     DRAW CARD: The Coin - 0 mana (id:68)
00:20:58 STATE    - INFO     Adding The Coin - 0 mana (id:68) to active cards in zone HAND
00:20:58 STATE    - INFO     Cards in HAND:
[Sen'jin Shieldmasta (4:3/5) (id:8) (pos:4),
 Ironfur Grizzly (3:3/3) (id:17) (pos:3),
 Boulderfist Ogre (6:6/7) (id:26) (pos:2),
 Dragonling Mechanic (4:2/4) (id:33) (pos:1),
 The Coin - 0 mana (id:68)]
00:20:58 STATE    - INFO     Update card The Coin - 0 mana (id:68) to position 5 in HAND
00:20:58 STATE    - INFO     **********
00:20:58 STATE    - INFO     TINGLE's TURN - 1 mana
00:20:58 STATE    - INFO     **********
00:20:58 STATE    - INFO     DRAW CARD: Acidic Swamp Ooze (2:3/2) (id:7) (pos:None)
00:20:58 STATE    - INFO     Adding Acidic Swamp Ooze (2:3/2) (id:7) (pos:None) to active cards in zone HAND
00:20:58 STATE    - INFO     Cards in HAND:
[Sen'jin Shieldmasta (4:3/5) (id:8) (pos:4),
 Ironfur Grizzly (3:3/3) (id:17) (pos:3),
 Boulderfist Ogre (6:6/7) (id:26) (pos:2),
 Dragonling Mechanic (4:2/4) (id:33) (pos:1),
 The Coin - 0 mana (id:68),
 Acidic Swamp Ooze (2:3/2) (id:7) (pos:None)]
00:20:58 STATE    - INFO     Update card Acidic Swamp Ooze (2:3/2) (id:7) (pos:6) to position 6 in HAND
00:20:58 STATE    - INFO     **********
00:20:58 STATE    - INFO     OPPONENT TURN
00:20:58 STATE    - INFO     **********
00:20:58 parser   - DEBUG    [Power] GameState.DebugPrintPower() -     TAG_CHANGE Entity=[name=Totemic Call id=37 zone=PLAY zonePos=0 cardId=CS2_049 player=2] tag=EXHAUSTED value=1

00:20:58 STATE    - INFO     **********
00:20:58 STATE    - INFO     TINGLE's TURN - 2 mana
00:20:58 STATE    - INFO     **********
00:20:58 parser   - DEBUG    [Zone] ZoneChangeList.ProcessChanges() - id=5 local=False [name=Healing Totem id=69 zone=PLAY zonePos=1 cardId=NEW1_009 player=2] zone from  -> OPPOSING PLAY

00:20:58 STATE    - INFO     Adding Healing Totem (1:0/2) (id:69) (pos:1) to active cards in zone PLAY
00:20:58 STATE    - INFO     OPPONENT plays: Healing Totem (1:0/2) (id:69) (pos:1)
00:20:58 STATE    - INFO     OPPONENT's minions:
[Healing Totem (1:0/2) (id:69) (pos:1)]
00:20:58 STATE    - INFO     Update card Healing Totem (1:0/2) (id:69) (pos:1) to position 1 in PLAY
00:20:58 STATE    - INFO     DRAW CARD: River Crocolisk (2:2/3) (id:27) (pos:None)
00:20:58 STATE    - INFO     Adding River Crocolisk (2:2/3) (id:27) (pos:None) to active cards in zone HAND
00:20:58 STATE    - INFO     Cards in HAND:
[Sen'jin Shieldmasta (4:3/5) (id:8) (pos:4),
 Ironfur Grizzly (3:3/3) (id:17) (pos:3),
 Boulderfist Ogre (6:6/7) (id:26) (pos:2),
 Dragonling Mechanic (4:2/4) (id:33) (pos:1),
 The Coin - 0 mana (id:68),
 Acidic Swamp Ooze (2:3/2) (id:7) (pos:6),
 River Crocolisk (2:2/3) (id:27) (pos:None)]
00:20:58 STATE    - INFO     Update card River Crocolisk (2:2/3) (id:27) (pos:7) to position 7 in HAND
00:20:58 parser   - DEBUG    [Zone] ZoneChangeList.ProcessChanges() - id=1 local=True [name=Acidic Swamp Ooze id=7 zone=HAND zonePos=6 cardId=EX1_066 player=1] zone from FRIENDLY HAND -> FRIENDLY PLAY

00:20:58 STATE    - INFO     TINGLE plays minion from hand: Acidic Swamp Ooze (2:3/2) (id:7) (pos:6)
00:20:58 STATE    - INFO     Spending 2 mana. Total spent = 2
00:20:58 STATE    - INFO     Update card Acidic Swamp Ooze (2:3/2) (id:7) (pos:1) to position 1 in PLAY
00:20:58 STATE    - INFO     Update card River Crocolisk (2:2/3) (id:27) (pos:6) to position 6 in HAND
00:20:58 STATE    - INFO     Update Acidic Swamp Ooze (2:3/2) (id:7) (pos:1) to zone PLAY
00:20:58 parser   - DEBUG    [Power] GameState.DebugPrintPower() -     TAG_CHANGE Entity=[name=Acidic Swamp Ooze id=7 zone=HAND zonePos=6 cardId=EX1_066 player=1] tag=EXHAUSTED value=1

00:20:58 STATE    - INFO     **********
00:20:58 STATE    - INFO     OPPONENT TURN
00:20:58 STATE    - INFO     **********
00:20:58 parser   - DEBUG    [Power] GameState.DebugPrintPower() -     TAG_CHANGE Entity=[name=Totemic Call id=37 zone=PLAY zonePos=0 cardId=CS2_049 player=2] tag=EXHAUSTED value=0

00:20:58 parser   - DEBUG    [Power] GameState.DebugPrintPower() -     TAG_CHANGE Entity=[name=Healing Totem id=69 zone=PLAY zonePos=1 cardId=NEW1_009 player=2] tag=EXHAUSTED value=0

00:20:58 parser   - DEBUG    [Power] GameState.DebugPrintPower() -     TAG_CHANGE Entity=[id=51 cardId= type=INVALID zone=HAND zonePos=3 player=2] tag=EXHAUSTED value=1

00:20:58 STATE    - WARNING  No id 51 found to perform tag update for EXHAUSTED = 1
00:20:58 parser   - DEBUG    [Power] GameState.DebugPrintPower() -     TAG_CHANGE Entity=[name=Healing Totem id=69 zone=PLAY zonePos=1 cardId=NEW1_009 player=2] tag=ATK value=1

00:20:58 STATE    - INFO     Healing Totem (1:1/2) (id:69) (pos:1) has 1 ATTACK
00:20:58 parser   - DEBUG    [Power] GameState.DebugPrintPower() - ACTION_START Entity=[name=Healing Totem id=69 zone=PLAY zonePos=1 cardId=NEW1_009 player=2] SubType=ATTACK Index=-1 Target=[name=Gul'dan id=4 zone=PLAY zonePos=0 cardId=HERO_07 player=1]

00:20:58 STATE    - INFO     ATTACK: Healing Totem (1:1/2) (id:69) (pos:1) -> Gul'dan (0/30) - (id:4)
00:20:58 parser   - DEBUG    [Power] GameState.DebugPrintPower() -     TAG_CHANGE Entity=[name=Healing Totem id=69 zone=PLAY zonePos=1 cardId=NEW1_009 player=2] tag=ATTACKING value=1

00:20:58 parser   - DEBUG    [Power] GameState.DebugPrintPower() -     TAG_CHANGE Entity=[name=Gul'dan id=4 zone=PLAY zonePos=0 cardId=HERO_07 player=1] tag=DEFENDING value=1

00:20:58 parser   - DEBUG    [Power] GameState.DebugPrintPower() -     TAG_CHANGE Entity=[name=Gul'dan id=4 zone=PLAY zonePos=0 cardId=HERO_07 player=1] tag=PREDAMAGE value=1

00:20:58 parser   - DEBUG    [Power] GameState.DebugPrintPower() -     TAG_CHANGE Entity=[name=Gul'dan id=4 zone=PLAY zonePos=0 cardId=HERO_07 player=1] tag=PREDAMAGE value=0

00:20:58 parser   - DEBUG    [Power] GameState.DebugPrintPower() -     TAG_CHANGE Entity=[name=Gul'dan id=4 zone=PLAY zonePos=0 cardId=HERO_07 player=1] tag=DAMAGE value=1

00:20:58 STATE    - INFO     Gul'dan (0/30) - (id:4) has 1 DAMAGE
00:20:58 parser   - DEBUG    [Power] GameState.DebugPrintPower() -     TAG_CHANGE Entity=[name=Healing Totem id=69 zone=PLAY zonePos=1 cardId=NEW1_009 player=2] tag=EXHAUSTED value=1

00:20:58 parser   - DEBUG    [Power] GameState.DebugPrintPower() -     TAG_CHANGE Entity=[name=Healing Totem id=69 zone=PLAY zonePos=1 cardId=NEW1_009 player=2] tag=ATTACKING value=0

00:20:58 parser   - DEBUG    [Power] GameState.DebugPrintPower() -     TAG_CHANGE Entity=[name=Gul'dan id=4 zone=PLAY zonePos=0 cardId=HERO_07 player=1] tag=DEFENDING value=0

00:20:58 STATE    - INFO     **********
00:20:58 STATE    - INFO     TINGLE's TURN - 3 mana
00:20:58 STATE    - INFO     **********
00:20:58 parser   - DEBUG    [Power] GameState.DebugPrintPower() -     TAG_CHANGE Entity=[name=Acidic Swamp Ooze id=7 zone=PLAY zonePos=1 cardId=EX1_066 player=1] tag=EXHAUSTED value=0

00:20:58 parser   - DEBUG    [Zone] ZoneChangeList.ProcessChanges() - id=9 local=False [name=Raid Leader id=51 zone=PLAY zonePos=3 cardId=CS2_122 player=2] zone from OPPOSING HAND -> OPPOSING PLAY

00:20:58 STATE    - INFO     Adding Raid Leader (3:2/2) (id:51) (pos:3) to active cards in zone PLAY
00:20:58 STATE    - INFO     OPPONENT plays: Raid Leader (3:2/2) (id:51) (pos:3)
00:20:58 STATE    - INFO     OPPONENT's minions:
[Healing Totem (1:1/2) (id:69) (pos:1), Raid Leader (3:2/2) (id:51) (pos:3)]
00:20:58 STATE    - INFO     Update card Raid Leader (3:2/2) (id:51) (pos:1) to position 1 in PLAY
00:20:58 STATE    - INFO     Update card Healing Totem (1:1/2) (id:69) (pos:2) to position 2 in PLAY
00:20:58 STATE    - INFO     DRAW CARD: Dragonling Mechanic (4:2/4) (id:22) (pos:None)
00:20:58 STATE    - INFO     Adding Dragonling Mechanic (4:2/4) (id:22) (pos:None) to active cards in zone HAND
00:20:58 STATE    - INFO     Cards in HAND:
[Sen'jin Shieldmasta (4:3/5) (id:8) (pos:4),
 Ironfur Grizzly (3:3/3) (id:17) (pos:3),
 Boulderfist Ogre (6:6/7) (id:26) (pos:2),
 Dragonling Mechanic (4:2/4) (id:33) (pos:1),
 The Coin - 0 mana (id:68),
 River Crocolisk (2:2/3) (id:27) (pos:6),
 Dragonling Mechanic (4:2/4) (id:22) (pos:None)]
00:20:58 STATE    - INFO     Update card Dragonling Mechanic (4:2/4) (id:22) (pos:7) to position 7 in HAND
00:20:58 parser   - DEBUG    [Zone] ZoneChangeList.ProcessChanges() - id=2 local=True [name=Ironfur Grizzly id=17 zone=HAND zonePos=3 cardId=CS2_125 player=1] zone from FRIENDLY HAND -> FRIENDLY PLAY

00:20:58 STATE    - INFO     TINGLE plays minion from hand: Ironfur Grizzly (3:3/3) (id:17) (pos:3)
00:20:58 STATE    - INFO     Spending 3 mana. Total spent = 3
00:20:58 STATE    - INFO     Update card Ironfur Grizzly (3:3/3) (id:17) (pos:2) to position 2 in PLAY
00:20:58 STATE    - INFO     Update card Sen'jin Shieldmasta (4:3/5) (id:8) (pos:3) to position 3 in HAND
00:20:58 STATE    - INFO     Update card The Coin - 0 mana (id:68) to position 4 in HAND
00:20:58 STATE    - INFO     Update card River Crocolisk (2:2/3) (id:27) (pos:5) to position 5 in HAND
00:20:58 STATE    - INFO     Update card Dragonling Mechanic (4:2/4) (id:22) (pos:6) to position 6 in HAND
00:20:58 STATE    - INFO     Update Ironfur Grizzly (3:3/3) (id:17) (pos:2) to zone PLAY
00:20:58 parser   - DEBUG    [Power] GameState.DebugPrintPower() -     TAG_CHANGE Entity=[name=Ironfur Grizzly id=17 zone=HAND zonePos=3 cardId=CS2_125 player=1] tag=EXHAUSTED value=1

00:20:58 parser   - DEBUG    [Power] GameState.DebugPrintPower() - ACTION_START Entity=[name=Acidic Swamp Ooze id=7 zone=PLAY zonePos=1 cardId=EX1_066 player=1] SubType=ATTACK Index=-1 Target=[name=Healing Totem id=69 zone=PLAY zonePos=2 cardId=NEW1_009 player=2]

00:20:58 STATE    - INFO     ATTACK: Acidic Swamp Ooze (2:3/2) (id:7) (pos:1) -> Healing Totem (1:1/2) (id:69) (pos:2)
00:20:58 parser   - DEBUG    [Power] GameState.DebugPrintPower() -     TAG_CHANGE Entity=[name=Acidic Swamp Ooze id=7 zone=PLAY zonePos=1 cardId=EX1_066 player=1] tag=ATTACKING value=1

00:20:58 parser   - DEBUG    [Power] GameState.DebugPrintPower() -     TAG_CHANGE Entity=[name=Healing Totem id=69 zone=PLAY zonePos=2 cardId=NEW1_009 player=2] tag=DEFENDING value=1

00:20:58 parser   - DEBUG    [Power] GameState.DebugPrintPower() -     TAG_CHANGE Entity=[name=Healing Totem id=69 zone=PLAY zonePos=2 cardId=NEW1_009 player=2] tag=PREDAMAGE value=3

00:20:58 parser   - DEBUG    [Power] GameState.DebugPrintPower() -     TAG_CHANGE Entity=[name=Healing Totem id=69 zone=PLAY zonePos=2 cardId=NEW1_009 player=2] tag=PREDAMAGE value=0

00:20:58 parser   - DEBUG    [Power] GameState.DebugPrintPower() -     TAG_CHANGE Entity=[name=Healing Totem id=69 zone=PLAY zonePos=2 cardId=NEW1_009 player=2] tag=DAMAGE value=3

00:20:58 STATE    - INFO     Healing Totem (1:1/2) (id:69) (pos:2) has 3 DAMAGE
00:20:58 STATE    - INFO     Healing Totem (1:1/2) (id:69) (pos:2) has fatal damage
00:20:58 parser   - DEBUG    [Power] GameState.DebugPrintPower() -     TAG_CHANGE Entity=[name=Acidic Swamp Ooze id=7 zone=PLAY zonePos=1 cardId=EX1_066 player=1] tag=PREDAMAGE value=1

00:20:58 parser   - DEBUG    [Power] GameState.DebugPrintPower() -     TAG_CHANGE Entity=[name=Acidic Swamp Ooze id=7 zone=PLAY zonePos=1 cardId=EX1_066 player=1] tag=PREDAMAGE value=0

00:20:58 parser   - DEBUG    [Power] GameState.DebugPrintPower() -     TAG_CHANGE Entity=[name=Acidic Swamp Ooze id=7 zone=PLAY zonePos=1 cardId=EX1_066 player=1] tag=DAMAGE value=1

00:20:58 STATE    - INFO     Acidic Swamp Ooze (2:3/2) (id:7) (pos:1) has 1 DAMAGE
00:20:58 parser   - DEBUG    [Power] GameState.DebugPrintPower() -     TAG_CHANGE Entity=[name=Acidic Swamp Ooze id=7 zone=PLAY zonePos=1 cardId=EX1_066 player=1] tag=EXHAUSTED value=1

00:20:58 parser   - DEBUG    [Power] GameState.DebugPrintPower() -     TAG_CHANGE Entity=[name=Acidic Swamp Ooze id=7 zone=PLAY zonePos=1 cardId=EX1_066 player=1] tag=ATTACKING value=0

00:20:58 parser   - DEBUG    [Power] GameState.DebugPrintPower() -     TAG_CHANGE Entity=[name=Healing Totem id=69 zone=PLAY zonePos=2 cardId=NEW1_009 player=2] tag=DEFENDING value=0

00:20:58 parser   - DEBUG    [Power] GameState.DebugPrintPower() -     TAG_CHANGE Entity=[name=Healing Totem id=69 zone=PLAY zonePos=2 cardId=NEW1_009 player=2] tag=EXHAUSTED value=0

00:20:58 STATE    - INFO     Update Healing Totem (1:1/2) (id:69) (pos:2) to zone GRAVEYARD
00:20:58 STATE    - INFO     Healing Totem (1:1/2) (id:69) (pos:2) has been moved to graveyard
00:20:58 parser   - DEBUG    [Power] GameState.DebugPrintPower() -     TAG_CHANGE Entity=[name=Enhanced id=70 zone=PLAY zonePos=0 cardId=CS2_122e player=2] tag=ATTACHED value=0

00:20:58 STATE    - WARNING  No id 70 found to perform tag update for ATTACHED = 0
00:20:58 parser   - DEBUG    [Power] GameState.DebugPrintPower() -     TAG_CHANGE Entity=[name=Healing Totem id=69 zone=PLAY zonePos=2 cardId=NEW1_009 player=2] tag=DAMAGE value=0

00:20:58 parser   - DEBUG    [Power] GameState.DebugPrintPower() - TAG_CHANGE Entity=[name=Healing Totem id=69 zone=PLAY zonePos=2 cardId=NEW1_009 player=2] tag=ATK value=0

00:20:58 parser   - DEBUG    [Zone] ZoneChangeList.ProcessChanges() - id=12 local=False [name=Healing Totem id=69 zone=GRAVEYARD zonePos=2 cardId=NEW1_009 player=2] zone from OPPOSING PLAY -> OPPOSING GRAVEYARD

00:20:58 STATE    - INFO     **********
00:20:58 STATE    - INFO     OPPONENT TURN
00:20:58 STATE    - INFO     **********
00:20:58 parser   - DEBUG    [Power] GameState.DebugPrintPower() -     TAG_CHANGE Entity=[name=Raid Leader id=51 zone=PLAY zonePos=1 cardId=CS2_122 player=2] tag=EXHAUSTED value=0

00:20:58 parser   - DEBUG    [Power] GameState.DebugPrintPower() -         TAG_CHANGE Entity=[name=Raid Leader id=51 zone=PLAY zonePos=1 cardId=CS2_122 player=2] tag=WINDFURY value=1

00:20:58 parser   - DEBUG    [Power] GameState.DebugPrintPower() - ACTION_START Entity=[name=Raid Leader id=51 zone=PLAY zonePos=1 cardId=CS2_122 player=2] SubType=ATTACK Index=-1 Target=[name=Ironfur Grizzly id=17 zone=PLAY zonePos=2 cardId=CS2_125 player=1]

00:20:58 STATE    - INFO     ATTACK: Raid Leader (3:2/2) (id:51) (pos:1) -> Ironfur Grizzly (3:3/3) (id:17) (pos:2)
00:20:58 parser   - DEBUG    [Power] GameState.DebugPrintPower() -     TAG_CHANGE Entity=[name=Raid Leader id=51 zone=PLAY zonePos=1 cardId=CS2_122 player=2] tag=ATTACKING value=1

00:20:58 parser   - DEBUG    [Power] GameState.DebugPrintPower() -     TAG_CHANGE Entity=[name=Ironfur Grizzly id=17 zone=PLAY zonePos=2 cardId=CS2_125 player=1] tag=DEFENDING value=1

00:20:58 parser   - DEBUG    [Power] GameState.DebugPrintPower() -     TAG_CHANGE Entity=[name=Ironfur Grizzly id=17 zone=PLAY zonePos=2 cardId=CS2_125 player=1] tag=PREDAMAGE value=2

00:20:58 parser   - DEBUG    [Power] GameState.DebugPrintPower() -     TAG_CHANGE Entity=[name=Ironfur Grizzly id=17 zone=PLAY zonePos=2 cardId=CS2_125 player=1] tag=PREDAMAGE value=0

00:20:58 parser   - DEBUG    [Power] GameState.DebugPrintPower() -     TAG_CHANGE Entity=[name=Ironfur Grizzly id=17 zone=PLAY zonePos=2 cardId=CS2_125 player=1] tag=DAMAGE value=2

00:20:58 STATE    - INFO     Ironfur Grizzly (3:3/3) (id:17) (pos:2) has 2 DAMAGE
00:20:58 parser   - DEBUG    [Power] GameState.DebugPrintPower() -     TAG_CHANGE Entity=[name=Raid Leader id=51 zone=PLAY zonePos=1 cardId=CS2_122 player=2] tag=PREDAMAGE value=3

00:20:58 parser   - DEBUG    [Power] GameState.DebugPrintPower() -     TAG_CHANGE Entity=[name=Raid Leader id=51 zone=PLAY zonePos=1 cardId=CS2_122 player=2] tag=PREDAMAGE value=0

00:20:58 parser   - DEBUG    [Power] GameState.DebugPrintPower() -     TAG_CHANGE Entity=[name=Raid Leader id=51 zone=PLAY zonePos=1 cardId=CS2_122 player=2] tag=DAMAGE value=3

00:20:58 STATE    - INFO     Raid Leader (3:2/2) (id:51) (pos:1) has 3 DAMAGE
00:20:58 STATE    - INFO     Raid Leader (3:2/2) (id:51) (pos:1) has fatal damage
00:20:58 parser   - DEBUG    [Power] GameState.DebugPrintPower() -     TAG_CHANGE Entity=[name=Raid Leader id=51 zone=PLAY zonePos=1 cardId=CS2_122 player=2] tag=ATTACKING value=0

00:20:58 parser   - DEBUG    [Power] GameState.DebugPrintPower() -     TAG_CHANGE Entity=[name=Ironfur Grizzly id=17 zone=PLAY zonePos=2 cardId=CS2_125 player=1] tag=DEFENDING value=0

00:20:58 STATE    - INFO     Update Raid Leader (3:2/2) (id:51) (pos:1) to zone GRAVEYARD
00:20:58 STATE    - INFO     Raid Leader (3:2/2) (id:51) (pos:1) has been moved to graveyard
00:20:58 parser   - DEBUG    [Power] GameState.DebugPrintPower() -     TAG_CHANGE Entity=[name=Raid Leader id=51 zone=PLAY zonePos=1 cardId=CS2_122 player=2] tag=DAMAGE value=0

00:20:58 parser   - DEBUG    [Power] GameState.DebugPrintPower() -     TAG_CHANGE Entity=[name=Raid Leader id=51 zone=PLAY zonePos=1 cardId=CS2_122 player=2] tag=WINDFURY value=0

00:20:58 parser   - DEBUG    [Power] GameState.DebugPrintPower() -     TAG_CHANGE Entity=[id=64 cardId= type=INVALID zone=HAND zonePos=6 player=2] tag=ATTACKING value=1

00:20:58 STATE    - WARNING  No id 64 found to perform tag update for ATTACKING = 1
00:20:58 parser   - DEBUG    [Power] GameState.DebugPrintPower() -     TAG_CHANGE Entity=[name=Ironfur Grizzly id=17 zone=PLAY zonePos=2 cardId=CS2_125 player=1] tag=DEFENDING value=1

00:20:58 parser   - DEBUG    [Power] GameState.DebugPrintPower() -     TAG_CHANGE Entity=[name=Ironfur Grizzly id=17 zone=PLAY zonePos=2 cardId=CS2_125 player=1] tag=PREDAMAGE value=1

00:20:58 parser   - DEBUG    [Power] GameState.DebugPrintPower() -     TAG_CHANGE Entity=[name=Ironfur Grizzly id=17 zone=PLAY zonePos=2 cardId=CS2_125 player=1] tag=PREDAMAGE value=0

00:20:58 parser   - DEBUG    [Power] GameState.DebugPrintPower() -     TAG_CHANGE Entity=[name=Ironfur Grizzly id=17 zone=PLAY zonePos=2 cardId=CS2_125 player=1] tag=DAMAGE value=3

00:20:58 STATE    - INFO     Ironfur Grizzly (3:3/3) (id:17) (pos:2) has 3 DAMAGE
00:20:58 STATE    - INFO     Ironfur Grizzly (3:3/3) (id:17) (pos:2) has fatal damage
00:20:58 parser   - DEBUG    [Power] GameState.DebugPrintPower() -     TAG_CHANGE Entity=[id=64 cardId= type=INVALID zone=HAND zonePos=6 player=2] tag=PREDAMAGE value=3

00:20:58 STATE    - WARNING  No id 64 found to perform tag update for PREDAMAGE = 3
00:20:58 parser   - DEBUG    [Power] GameState.DebugPrintPower() -     TAG_CHANGE Entity=[id=64 cardId= type=INVALID zone=HAND zonePos=6 player=2] tag=PREDAMAGE value=0

00:20:58 STATE    - WARNING  No id 64 found to perform tag update for PREDAMAGE = 0
00:20:58 parser   - DEBUG    [Power] GameState.DebugPrintPower() -     TAG_CHANGE Entity=[id=64 cardId= type=INVALID zone=HAND zonePos=6 player=2] tag=DAMAGE value=3

00:20:58 STATE    - WARNING  No id 64 found to perform tag update for DAMAGE = 3
00:20:58 parser   - DEBUG    [Power] GameState.DebugPrintPower() -     TAG_CHANGE Entity=[id=64 cardId= type=INVALID zone=HAND zonePos=6 player=2] tag=EXHAUSTED value=1

00:20:58 STATE    - WARNING  No id 64 found to perform tag update for EXHAUSTED = 1
00:20:58 parser   - DEBUG    [Power] GameState.DebugPrintPower() -     TAG_CHANGE Entity=[id=64 cardId= type=INVALID zone=HAND zonePos=6 player=2] tag=ATTACKING value=0

00:20:58 STATE    - WARNING  No id 64 found to perform tag update for ATTACKING = 0
00:20:58 parser   - DEBUG    [Power] GameState.DebugPrintPower() -     TAG_CHANGE Entity=[name=Ironfur Grizzly id=17 zone=PLAY zonePos=2 cardId=CS2_125 player=1] tag=DEFENDING value=0

00:20:58 parser   - DEBUG    [Power] GameState.DebugPrintPower() -     TAG_CHANGE Entity=[name=Ironfur Grizzly id=17 zone=PLAY zonePos=2 cardId=CS2_125 player=1] tag=EXHAUSTED value=0

00:20:58 STATE    - INFO     Update Ironfur Grizzly (3:3/3) (id:17) (pos:2) to zone GRAVEYARD
00:20:58 STATE    - INFO     Ironfur Grizzly (3:3/3) (id:17) (pos:2) has been moved to graveyard
00:20:58 parser   - DEBUG    [Power] GameState.DebugPrintPower() -     TAG_CHANGE Entity=[name=Ironfur Grizzly id=17 zone=PLAY zonePos=2 cardId=CS2_125 player=1] tag=DAMAGE value=0

00:20:58 parser   - DEBUG    [Power] GameState.DebugPrintPower() -     TAG_CHANGE Entity=[id=64 cardId= type=INVALID zone=HAND zonePos=6 player=2] tag=EXHAUSTED value=0

00:20:58 STATE    - WARNING  No id 64 found to perform tag update for EXHAUSTED = 0
00:20:58 parser   - DEBUG    [Power] GameState.DebugPrintPower() -     TAG_CHANGE Entity=[id=64 cardId= type=INVALID zone=HAND zonePos=6 player=2] tag=DAMAGE value=0

00:20:58 STATE    - WARNING  No id 64 found to perform tag update for DAMAGE = 0
00:20:58 parser   - DEBUG    [Power] GameState.DebugPrintPower() -         TAG_CHANGE Entity=[name=Acidic Swamp Ooze id=7 zone=PLAY zonePos=1 cardId=EX1_066 player=1] tag=PREDAMAGE value=1

00:20:58 parser   - DEBUG    [Power] GameState.DebugPrintPower() -         TAG_CHANGE Entity=[name=Acidic Swamp Ooze id=7 zone=PLAY zonePos=1 cardId=EX1_066 player=1] tag=PREDAMAGE value=0

00:20:58 parser   - DEBUG    [Power] GameState.DebugPrintPower() -         TAG_CHANGE Entity=[name=Acidic Swamp Ooze id=7 zone=PLAY zonePos=1 cardId=EX1_066 player=1] tag=DAMAGE value=2

00:20:58 STATE    - INFO     Acidic Swamp Ooze (2:3/2) (id:7) (pos:1) has 2 DAMAGE
00:20:58 STATE    - INFO     Acidic Swamp Ooze (2:3/2) (id:7) (pos:1) has fatal damage
00:20:58 parser   - DEBUG    [Power] GameState.DebugPrintPower() -         TAG_CHANGE Entity=[name=Acidic Swamp Ooze id=7 zone=PLAY zonePos=1 cardId=EX1_066 player=1] tag=FROZEN value=1

00:20:58 parser   - DEBUG    [Power] GameState.DebugPrintPower() -         TAG_CHANGE Entity=[name=Acidic Swamp Ooze id=7 zone=PLAY zonePos=1 cardId=EX1_066 player=1] tag=EXHAUSTED value=0

00:20:58 STATE    - INFO     Update Acidic Swamp Ooze (2:3/2) (id:7) (pos:1) to zone GRAVEYARD
00:20:58 STATE    - INFO     Acidic Swamp Ooze (2:3/2) (id:7) (pos:1) has been moved to graveyard
00:20:58 parser   - DEBUG    [Power] GameState.DebugPrintPower() -         TAG_CHANGE Entity=[name=Acidic Swamp Ooze id=7 zone=PLAY zonePos=1 cardId=EX1_066 player=1] tag=DAMAGE value=0

00:20:58 parser   - DEBUG    [Power] GameState.DebugPrintPower() -         TAG_CHANGE Entity=[name=Acidic Swamp Ooze id=7 zone=PLAY zonePos=1 cardId=EX1_066 player=1] tag=FROZEN value=0

00:20:58 STATE    - INFO     **********
00:20:58 STATE    - INFO     TINGLE's TURN - 4 mana
00:20:58 STATE    - INFO     **********
00:20:58 STATE    - INFO     OPPONENT plays: Windfury - 2 mana (id:62)
00:20:58 STATE    - INFO     Adding Windfury - 2 mana (id:62) to active cards in zone PLAY
00:20:58 parser   - DEBUG    [Zone] ZoneChangeList.ProcessChanges() - id=16 local=False [name=Windfury id=62 zone=GRAVEYARD zonePos=0 cardId=CS2_039 player=2] zone from  -> OPPOSING GRAVEYARD

00:20:58 STATE    - INFO     Windfury - 2 mana (id:62) has been moved to graveyard
00:20:58 parser   - DEBUG    [Zone] ZoneChangeList.ProcessChanges() - id=17 local=False [name=Raid Leader id=51 zone=GRAVEYARD zonePos=1 cardId=CS2_122 player=2] zone from OPPOSING PLAY -> OPPOSING GRAVEYARD

00:20:58 parser   - DEBUG    [Zone] ZoneChangeList.ProcessChanges() - id=18 local=False [name=Stonetusk Boar id=64 zone=PLAY zonePos=5 cardId=CS2_171 player=2] zone from OPPOSING HAND -> OPPOSING PLAY

00:20:58 STATE    - INFO     Adding Stonetusk Boar (1:1/1) (id:64) (pos:5) to active cards in zone PLAY
00:20:58 STATE    - INFO     OPPONENT plays: Stonetusk Boar (1:1/1) (id:64) (pos:5)
00:20:58 STATE    - INFO     OPPONENT's minions:
[Stonetusk Boar (1:1/1) (id:64) (pos:5)]
00:20:58 STATE    - INFO     Update card Stonetusk Boar (1:1/1) (id:64) (pos:1) to position 1 in PLAY
00:20:58 parser   - DEBUG    [Zone] ZoneChangeList.ProcessChanges() - id=19 local=False [name=Stonetusk Boar id=64 zone=GRAVEYARD zonePos=1 cardId=CS2_171 player=2] zone from OPPOSING PLAY -> OPPOSING GRAVEYARD

00:20:58 STATE    - INFO     Stonetusk Boar (1:1/1) (id:64) (pos:1) has been moved to graveyard
00:20:58 STATE    - INFO     OPPONENT plays: Frost Shock - 1 mana (id:58)
00:20:58 STATE    - INFO     Adding Frost Shock - 1 mana (id:58) to active cards in zone PLAY
00:20:58 parser   - DEBUG    [Zone] ZoneChangeList.ProcessChanges() - id=21 local=False [name=Frost Shock id=58 zone=GRAVEYARD zonePos=0 cardId=CS2_037 player=2] zone from  -> OPPOSING GRAVEYARD

00:20:58 STATE    - INFO     Frost Shock - 1 mana (id:58) has been moved to graveyard
00:20:58 STATE    - INFO     DRAW CARD: Bloodfen Raptor (2:3/2) (id:30) (pos:None)
00:20:58 STATE    - INFO     Adding Bloodfen Raptor (2:3/2) (id:30) (pos:None) to active cards in zone HAND
00:20:58 STATE    - INFO     Cards in HAND:
[Sen'jin Shieldmasta (4:3/5) (id:8) (pos:3),
 Boulderfist Ogre (6:6/7) (id:26) (pos:2),
 Dragonling Mechanic (4:2/4) (id:33) (pos:1),
 The Coin - 0 mana (id:68),
 River Crocolisk (2:2/3) (id:27) (pos:5),
 Dragonling Mechanic (4:2/4) (id:22) (pos:6),
 Bloodfen Raptor (2:3/2) (id:30) (pos:None)]
00:20:58 STATE    - INFO     Update card Bloodfen Raptor (2:3/2) (id:30) (pos:7) to position 7 in HAND
00:20:58 parser   - DEBUG    [Zone] ZoneChangeList.ProcessChanges() - id=3 local=True [name=River Crocolisk id=27 zone=HAND zonePos=5 cardId=CS2_120 player=1] zone from FRIENDLY HAND -> FRIENDLY PLAY

00:20:58 STATE    - INFO     TINGLE plays minion from hand: River Crocolisk (2:2/3) (id:27) (pos:5)
00:20:58 STATE    - INFO     Spending 2 mana. Total spent = 2
00:20:58 STATE    - INFO     Update card River Crocolisk (2:2/3) (id:27) (pos:1) to position 1 in PLAY
00:20:58 STATE    - INFO     Update card Dragonling Mechanic (4:2/4) (id:22) (pos:5) to position 5 in HAND
00:20:58 STATE    - INFO     Update card Bloodfen Raptor (2:3/2) (id:30) (pos:6) to position 6 in HAND
00:20:58 STATE    - INFO     Update River Crocolisk (2:2/3) (id:27) (pos:1) to zone PLAY
00:20:58 parser   - DEBUG    [Power] GameState.DebugPrintPower() -     TAG_CHANGE Entity=[name=River Crocolisk id=27 zone=HAND zonePos=5 cardId=CS2_120 player=1] tag=EXHAUSTED value=1

00:20:58 parser   - DEBUG    [Zone] ZoneChangeList.ProcessChanges() - id=4 local=True [name=Bloodfen Raptor id=30 zone=HAND zonePos=6 cardId=CS2_172 player=1] zone from FRIENDLY HAND -> FRIENDLY PLAY

00:20:58 STATE    - INFO     TINGLE plays minion from hand: Bloodfen Raptor (2:3/2) (id:30) (pos:6)
00:20:58 STATE    - INFO     Spending 2 mana. Total spent = 4
00:20:58 STATE    - INFO     Update card Bloodfen Raptor (2:3/2) (id:30) (pos:2) to position 2 in PLAY
00:20:58 STATE    - INFO     Update Bloodfen Raptor (2:3/2) (id:30) (pos:2) to zone PLAY
00:20:58 parser   - DEBUG    [Power] GameState.DebugPrintPower() -     TAG_CHANGE Entity=[name=Bloodfen Raptor id=30 zone=HAND zonePos=6 cardId=CS2_172 player=1] tag=EXHAUSTED value=1

00:20:58 STATE    - INFO     **********
00:20:58 STATE    - INFO     OPPONENT TURN
00:20:58 STATE    - INFO     **********
00:20:58 parser   - DEBUG    [Power] GameState.DebugPrintPower() -         TAG_CHANGE Entity=[name=Bloodfen Raptor id=30 zone=PLAY zonePos=2 cardId=CS2_172 player=1] tag=LINKEDCARD value=71

00:20:58 parser   - DEBUG    [Power] GameState.DebugPrintPower() -         TAG_CHANGE Entity=[name=Bloodfen Raptor id=30 zone=PLAY zonePos=2 cardId=CS2_172 player=1] tag=EXHAUSTED value=0

00:20:58 STATE    - INFO     Update Bloodfen Raptor (2:3/2) (id:30) (pos:2) to zone SETASIDE
00:20:58 STATE    - INFO     Bloodfen Raptor (2:3/2) (id:30) (pos:2) has been moved to graveyard
00:20:58 parser   - DEBUG    [Power] GameState.DebugPrintPower() -     TAG_CHANGE Entity=[name=Totemic Call id=37 zone=PLAY zonePos=0 cardId=CS2_049 player=2] tag=EXHAUSTED value=1

00:20:58 STATE    - INFO     **********
00:20:58 STATE    - INFO     TINGLE's TURN - 5 mana
00:20:58 STATE    - INFO     **********
00:20:58 parser   - DEBUG    [Power] GameState.DebugPrintPower() -     TAG_CHANGE Entity=[name=River Crocolisk id=27 zone=PLAY zonePos=1 cardId=CS2_120 player=1] tag=EXHAUSTED value=0

00:20:58 parser   - DEBUG    [Power] GameState.DebugPrintPower() -     TAG_CHANGE Entity=UNKNOWN ENTITY [id=71 type=MINION zone=SETASIDE zonePos=0] tag=EXHAUSTED value=0

00:20:58 STATE    - WARNING  No id 71 found to perform tag update for EXHAUSTED = 0
00:20:58 STATE    - INFO     OPPONENT plays: Hex - 3 mana (id:56)
00:20:58 STATE    - INFO     Adding Hex - 3 mana (id:56) to active cards in zone PLAY
00:20:58 parser   - DEBUG    [Zone] ZoneChangeList.ProcessChanges() - id=28 local=False [name=Frog id=71 zone=PLAY zonePos=0 cardId=hexfrog player=1] zone from  -> FRIENDLY PLAY

00:20:58 STATE    - INFO     Playing a minion that was not in our hand!
00:20:58 STATE    - INFO     Adding Frog (0:0/1) (id:71) (pos:None) to active cards in zone PLAY
00:20:58 STATE    - INFO     TINGLE plays: Frog (0:0/1) (id:71) (pos:None)
00:20:58 STATE    - INFO     TINGLE's minions:
[River Crocolisk (2:2/3) (id:27) (pos:1), Frog (0:0/1) (id:71) (pos:None)]
00:20:58 STATE    - INFO     Update card Frog (0:0/1) (id:71) (pos:2) to position 2 in PLAY
00:20:58 parser   - DEBUG    [Zone] ZoneChangeList.ProcessChanges() - id=29 local=False [name=Hex id=56 zone=GRAVEYARD zonePos=0 cardId=EX1_246 player=2] zone from  -> OPPOSING GRAVEYARD

00:20:58 STATE    - INFO     Hex - 3 mana (id:56) has been moved to graveyard
00:20:58 parser   - DEBUG    [Zone] ZoneChangeList.ProcessChanges() - id=30 local=False [name=Healing Totem id=72 zone=PLAY zonePos=1 cardId=NEW1_009 player=2] zone from  -> OPPOSING PLAY

00:20:58 STATE    - INFO     Adding Healing Totem (1:0/2) (id:72) (pos:1) to active cards in zone PLAY
00:20:58 STATE    - INFO     OPPONENT plays: Healing Totem (1:0/2) (id:72) (pos:1)
00:20:58 STATE    - INFO     OPPONENT's minions:
[Healing Totem (1:0/2) (id:72) (pos:1)]
00:20:58 STATE    - INFO     Update card Healing Totem (1:0/2) (id:72) (pos:1) to position 1 in PLAY
00:20:58 STATE    - INFO     DRAW CARD: Stormwind Champion (7:6/6) (id:11) (pos:None)
00:20:58 STATE    - INFO     Adding Stormwind Champion (7:6/6) (id:11) (pos:None) to active cards in zone HAND
00:20:58 STATE    - INFO     Cards in HAND:
[Sen'jin Shieldmasta (4:3/5) (id:8) (pos:3),
 Boulderfist Ogre (6:6/7) (id:26) (pos:2),
 Dragonling Mechanic (4:2/4) (id:33) (pos:1),
 The Coin - 0 mana (id:68),
 Dragonling Mechanic (4:2/4) (id:22) (pos:5),
 Stormwind Champion (7:6/6) (id:11) (pos:None)]
00:20:58 STATE    - INFO     Update card Stormwind Champion (7:6/6) (id:11) (pos:6) to position 6 in HAND
00:20:58 parser   - DEBUG    [Zone] ZoneChangeList.ProcessChanges() - id=5 local=True [name=Sen'jin Shieldmasta id=8 zone=HAND zonePos=3 cardId=CS2_179 player=1] zone from FRIENDLY HAND -> FRIENDLY PLAY

00:20:58 STATE    - INFO     TINGLE plays minion from hand: Sen'jin Shieldmasta (4:3/5) (id:8) (pos:3)
00:20:58 STATE    - INFO     Spending 4 mana. Total spent = 4
00:20:58 STATE    - INFO     Update card Sen'jin Shieldmasta (4:3/5) (id:8) (pos:2) to position 2 in PLAY
00:20:58 STATE    - INFO     Update card The Coin - 0 mana (id:68) to position 3 in HAND
00:20:58 STATE    - INFO     Update card Dragonling Mechanic (4:2/4) (id:22) (pos:4) to position 4 in HAND
00:20:58 STATE    - INFO     Update card Stormwind Champion (7:6/6) (id:11) (pos:5) to position 5 in HAND
00:20:58 STATE    - INFO     Update card Frog (0:0/1) (id:71) (pos:3) to position 3 in PLAY
00:20:58 STATE    - INFO     Update Sen'jin Shieldmasta (4:3/5) (id:8) (pos:2) to zone PLAY
00:20:58 parser   - DEBUG    [Power] GameState.DebugPrintPower() -     TAG_CHANGE Entity=[name=Sen'jin Shieldmasta id=8 zone=HAND zonePos=3 cardId=CS2_179 player=1] tag=EXHAUSTED value=1

00:21:31 BOT      - INFO     **********
00:21:31 BOT      - INFO     Play Phase
00:21:31 BOT      - INFO     **********
00:21:31 BOT      - INFO     Tingle's Hand: 
00:21:31 BOT      - INFO     [Boulderfist Ogre (6:6/7) (id:26) (pos:2),
 Dragonling Mechanic (4:2/4) (id:33) (pos:1),
 The Coin - 0 mana (id:68),
 Dragonling Mechanic (4:2/4) (id:22) (pos:4),
 Stormwind Champion (7:6/6) (id:11) (pos:5)]
00:21:31 BOT      - DEBUG    Play phase start
00:21:31 ALGS     - INFO     Spend max mana. Available: 1
00:21:31 ALGS     - INFO     Candidates: []
00:21:31 ALGS     - INFO     Play is: (0, [])
00:21:31 ALGS     - INFO     Coin detected and play is sub-optimal. Looking for better play...
00:21:31 ALGS     - INFO     Coin play is: (0, [The Coin - 0 mana (id:68)])
00:21:31 ALGS     - INFO     Non-coin play is chosen: wasted mana: 1 non-coin vs. 2 coin
00:21:31 BOT      - DEBUG    Going to play [] with 0 mana
00:21:31 BOT      - INFO     **********
00:21:31 BOT      - INFO     Attack Phase
00:21:31 BOT      - INFO     **********
00:21:31 BOT      - INFO     [River Crocolisk (2:2/3) (id:27) (pos:1),
 Frog (0:0/1) (id:71) (pos:3),
 Sen'jin Shieldmasta (4:3/5) (id:8) (pos:2)]
00:21:31 BOT      - DEBUG    Attack phase
00:21:31 BOT      - DEBUG    Minions available to attack = [River Crocolisk (2:2/3) (id:27) (pos:1)]
00:21:31 ALGS     - DEBUG    can_kill_minion start
00:21:31 BOT      - DEBUG    Performing attack River Crocolisk (2:2/3) (id:27) (pos:1) -> Healing Totem (1:0/2) (id:72) (pos:1)
00:21:31 CONTROL  - DEBUG    Clicking on minion at position 1 of 3
00:21:32 CONTROL  - DEBUG    Clicking on opponent minion at position 1 of 1
00:21:35 parser   - DEBUG    [Power] GameState.DebugPrintPower() - ACTION_START Entity=[name=River Crocolisk id=27 zone=PLAY zonePos=1 cardId=CS2_120 player=1] SubType=ATTACK Index=-1 Target=[name=Healing Totem id=72 zone=PLAY zonePos=1 cardId=NEW1_009 player=2]

00:21:35 STATE    - INFO     ATTACK: River Crocolisk (2:2/3) (id:27) (pos:1) -> Healing Totem (1:0/2) (id:72) (pos:1)
00:21:35 parser   - DEBUG    [Power] GameState.DebugPrintPower() -     TAG_CHANGE Entity=[name=River Crocolisk id=27 zone=PLAY zonePos=1 cardId=CS2_120 player=1] tag=ATTACKING value=1

00:21:35 parser   - DEBUG    [Power] GameState.DebugPrintPower() -     TAG_CHANGE Entity=[name=Healing Totem id=72 zone=PLAY zonePos=1 cardId=NEW1_009 player=2] tag=DEFENDING value=1

00:21:35 parser   - DEBUG    [Power] GameState.DebugPrintPower() -     TAG_CHANGE Entity=[name=Healing Totem id=72 zone=PLAY zonePos=1 cardId=NEW1_009 player=2] tag=PREDAMAGE value=2

00:21:35 parser   - DEBUG    [Power] GameState.DebugPrintPower() -     TAG_CHANGE Entity=[name=Healing Totem id=72 zone=PLAY zonePos=1 cardId=NEW1_009 player=2] tag=PREDAMAGE value=0

00:21:35 parser   - DEBUG    [Power] GameState.DebugPrintPower() -     TAG_CHANGE Entity=[name=Healing Totem id=72 zone=PLAY zonePos=1 cardId=NEW1_009 player=2] tag=DAMAGE value=2

00:21:35 STATE    - INFO     Healing Totem (1:0/2) (id:72) (pos:1) has 2 DAMAGE
00:21:35 STATE    - INFO     Healing Totem (1:0/2) (id:72) (pos:1) has fatal damage
00:21:35 parser   - DEBUG    [Power] GameState.DebugPrintPower() -     TAG_CHANGE Entity=[name=River Crocolisk id=27 zone=PLAY zonePos=1 cardId=CS2_120 player=1] tag=EXHAUSTED value=1

00:21:35 parser   - DEBUG    [Power] GameState.DebugPrintPower() -     TAG_CHANGE Entity=[name=River Crocolisk id=27 zone=PLAY zonePos=1 cardId=CS2_120 player=1] tag=ATTACKING value=0

00:21:35 parser   - DEBUG    [Power] GameState.DebugPrintPower() -     TAG_CHANGE Entity=[name=Healing Totem id=72 zone=PLAY zonePos=1 cardId=NEW1_009 player=2] tag=DEFENDING value=0

00:21:35 parser   - DEBUG    [Power] GameState.DebugPrintPower() -     TAG_CHANGE Entity=[name=Healing Totem id=72 zone=PLAY zonePos=1 cardId=NEW1_009 player=2] tag=EXHAUSTED value=0

00:21:35 STATE    - INFO     Update Healing Totem (1:0/2) (id:72) (pos:1) to zone GRAVEYARD
00:21:35 STATE    - INFO     Healing Totem (1:0/2) (id:72) (pos:1) has been moved to graveyard
00:21:35 parser   - DEBUG    [Power] GameState.DebugPrintPower() -     TAG_CHANGE Entity=[name=Healing Totem id=72 zone=PLAY zonePos=1 cardId=NEW1_009 player=2] tag=DAMAGE value=0

00:21:35 parser   - DEBUG    [Zone] ZoneChangeList.ProcessChanges() - id=33 local=False [name=Healing Totem id=72 zone=GRAVEYARD zonePos=1 cardId=NEW1_009 player=2] zone from OPPOSING PLAY -> OPPOSING GRAVEYARD

00:21:36 CONTROL  - INFO     Ending turn
00:21:47 STATE    - INFO     **********
00:21:47 STATE    - INFO     OPPONENT TURN
00:21:47 STATE    - INFO     **********
00:21:47 parser   - DEBUG    [Power] GameState.DebugPrintPower() -     TAG_CHANGE Entity=[name=Totemic Call id=37 zone=PLAY zonePos=0 cardId=CS2_049 player=2] tag=EXHAUSTED value=0

00:21:47 parser   - DEBUG    [Power] GameState.DebugPrintPower() -     TAG_CHANGE Entity=[id=39 cardId= type=INVALID zone=HAND zonePos=3 player=2] tag=EXHAUSTED value=1

00:21:47 STATE    - WARNING  No id 39 found to perform tag update for EXHAUSTED = 1
00:21:47 STATE    - INFO     **********
00:21:47 STATE    - INFO     TINGLE's TURN - 6 mana
00:21:47 STATE    - INFO     **********
00:21:47 parser   - DEBUG    [Power] GameState.DebugPrintPower() -     TAG_CHANGE Entity=[name=River Crocolisk id=27 zone=PLAY zonePos=1 cardId=CS2_120 player=1] tag=EXHAUSTED value=0

00:21:47 parser   - DEBUG    [Power] GameState.DebugPrintPower() -     TAG_CHANGE Entity=[name=Sen'jin Shieldmasta id=8 zone=PLAY zonePos=2 cardId=CS2_179 player=1] tag=EXHAUSTED value=0

00:21:47 parser   - DEBUG    [Zone] ZoneChangeList.ProcessChanges() - id=35 local=False [name=Boulderfist Ogre id=39 zone=PLAY zonePos=3 cardId=CS2_200 player=2] zone from OPPOSING HAND -> OPPOSING PLAY

00:21:47 STATE    - INFO     Adding Boulderfist Ogre (6:6/7) (id:39) (pos:3) to active cards in zone PLAY
00:21:47 STATE    - INFO     OPPONENT plays: Boulderfist Ogre (6:6/7) (id:39) (pos:3)
00:21:47 STATE    - INFO     OPPONENT's minions:
[Boulderfist Ogre (6:6/7) (id:39) (pos:3)]
00:21:47 STATE    - INFO     Update card Boulderfist Ogre (6:6/7) (id:39) (pos:1) to position 1 in PLAY
00:21:47 STATE    - INFO     DRAW CARD: Gnomish Inventor (4:2/4) (id:18) (pos:None)
00:21:47 STATE    - INFO     Adding Gnomish Inventor (4:2/4) (id:18) (pos:None) to active cards in zone HAND
00:21:47 STATE    - INFO     Cards in HAND:
[Boulderfist Ogre (6:6/7) (id:26) (pos:2),
 Dragonling Mechanic (4:2/4) (id:33) (pos:1),
 The Coin - 0 mana (id:68),
 Dragonling Mechanic (4:2/4) (id:22) (pos:4),
 Stormwind Champion (7:6/6) (id:11) (pos:5),
 Gnomish Inventor (4:2/4) (id:18) (pos:None)]
00:21:47 STATE    - INFO     Update card Gnomish Inventor (4:2/4) (id:18) (pos:6) to position 6 in HAND
00:21:57 BOT      - INFO     **********
00:21:57 BOT      - INFO     Play Phase
00:21:57 BOT      - INFO     **********
00:21:57 BOT      - INFO     Tingle's Hand: 
00:21:57 BOT      - INFO     [Boulderfist Ogre (6:6/7) (id:26) (pos:2),
 Dragonling Mechanic (4:2/4) (id:33) (pos:1),
 The Coin - 0 mana (id:68),
 Dragonling Mechanic (4:2/4) (id:22) (pos:4),
 Stormwind Champion (7:6/6) (id:11) (pos:5),
 Gnomish Inventor (4:2/4) (id:18) (pos:6)]
00:21:57 BOT      - DEBUG    Play phase start
00:21:57 ALGS     - INFO     Spend max mana. Available: 6
00:21:57 ALGS     - INFO     Candidates: [Boulderfist Ogre (6:6/7) (id:26) (pos:2), Dragonling Mechanic (4:2/4) (id:33) (pos:1), Dragonling Mechanic (4:2/4) (id:22) (pos:4), Gnomish Inventor (4:2/4) (id:18) (pos:6)]
00:21:57 ALGS     - DEBUG    Possible combination with cost 18: (Boulderfist Ogre (6:6/7) (id:26) (pos:2), Dragonling Mechanic (4:2/4) (id:33) (pos:1), Dragonling Mechanic (4:2/4) (id:22) (pos:4), Gnomish Inventor (4:2/4) (id:18) (pos:6))
00:21:57 ALGS     - DEBUG    Possible combination with cost 14: (Boulderfist Ogre (6:6/7) (id:26) (pos:2), Dragonling Mechanic (4:2/4) (id:33) (pos:1), Dragonling Mechanic (4:2/4) (id:22) (pos:4))
00:21:57 ALGS     - DEBUG    Possible combination with cost 14: (Boulderfist Ogre (6:6/7) (id:26) (pos:2), Dragonling Mechanic (4:2/4) (id:33) (pos:1), Gnomish Inventor (4:2/4) (id:18) (pos:6))
00:21:57 ALGS     - DEBUG    Possible combination with cost 14: (Boulderfist Ogre (6:6/7) (id:26) (pos:2), Dragonling Mechanic (4:2/4) (id:22) (pos:4), Gnomish Inventor (4:2/4) (id:18) (pos:6))
00:21:57 ALGS     - DEBUG    Possible combination with cost 12: (Dragonling Mechanic (4:2/4) (id:33) (pos:1), Dragonling Mechanic (4:2/4) (id:22) (pos:4), Gnomish Inventor (4:2/4) (id:18) (pos:6))
00:21:57 ALGS     - DEBUG    Possible combination with cost 10: (Boulderfist Ogre (6:6/7) (id:26) (pos:2), Dragonling Mechanic (4:2/4) (id:33) (pos:1))
00:21:57 ALGS     - DEBUG    Possible combination with cost 10: (Boulderfist Ogre (6:6/7) (id:26) (pos:2), Dragonling Mechanic (4:2/4) (id:22) (pos:4))
00:21:57 ALGS     - DEBUG    Possible combination with cost 10: (Boulderfist Ogre (6:6/7) (id:26) (pos:2), Gnomish Inventor (4:2/4) (id:18) (pos:6))
00:21:57 ALGS     - DEBUG    Possible combination with cost 8: (Dragonling Mechanic (4:2/4) (id:33) (pos:1), Dragonling Mechanic (4:2/4) (id:22) (pos:4))
00:21:57 ALGS     - DEBUG    Possible combination with cost 8: (Dragonling Mechanic (4:2/4) (id:33) (pos:1), Gnomish Inventor (4:2/4) (id:18) (pos:6))
00:21:57 ALGS     - DEBUG    Possible combination with cost 8: (Dragonling Mechanic (4:2/4) (id:22) (pos:4), Gnomish Inventor (4:2/4) (id:18) (pos:6))
00:21:57 ALGS     - DEBUG    Possible combination with cost 6: (Boulderfist Ogre (6:6/7) (id:26) (pos:2),)
00:21:57 ALGS     - DEBUG    Possible combination with cost 4: (Dragonling Mechanic (4:2/4) (id:33) (pos:1),)
00:21:57 ALGS     - DEBUG    Possible combination with cost 4: (Dragonling Mechanic (4:2/4) (id:22) (pos:4),)
00:21:57 ALGS     - DEBUG    Possible combination with cost 4: (Gnomish Inventor (4:2/4) (id:18) (pos:6),)
00:21:57 ALGS     - INFO     Play is: (6, [Boulderfist Ogre (6:6/7) (id:26) (pos:2)])
00:21:57 BOT      - DEBUG    Going to play [Boulderfist Ogre (6:6/7) (id:26) (pos:2)] with 6 mana
00:21:57 CONTROL  - DEBUG    Clicking on hand card index 1 with 6 cards in hand
00:22:01 parser   - DEBUG    [Zone] ZoneChangeList.ProcessChanges() - id=6 local=True [name=Boulderfist Ogre id=26 zone=HAND zonePos=2 cardId=CS2_200 player=1] zone from FRIENDLY HAND -> FRIENDLY PLAY

00:22:01 STATE    - INFO     TINGLE plays minion from hand: Boulderfist Ogre (6:6/7) (id:26) (pos:2)
00:22:01 STATE    - INFO     Spending 6 mana. Total spent = 6
00:22:01 STATE    - INFO     Update card Boulderfist Ogre (6:6/7) (id:26) (pos:3) to position 3 in PLAY
00:22:01 STATE    - INFO     Update card The Coin - 0 mana (id:68) to position 2 in HAND
00:22:01 STATE    - INFO     Update card Dragonling Mechanic (4:2/4) (id:22) (pos:3) to position 3 in HAND
00:22:01 STATE    - INFO     Update card Stormwind Champion (7:6/6) (id:11) (pos:4) to position 4 in HAND
00:22:01 STATE    - INFO     Update card Gnomish Inventor (4:2/4) (id:18) (pos:5) to position 5 in HAND
00:22:01 STATE    - INFO     Update card Frog (0:0/1) (id:71) (pos:4) to position 4 in PLAY
00:22:01 STATE    - INFO     Update Boulderfist Ogre (6:6/7) (id:26) (pos:3) to zone PLAY
00:22:01 parser   - DEBUG    [Power] GameState.DebugPrintPower() -     TAG_CHANGE Entity=[name=Boulderfist Ogre id=26 zone=HAND zonePos=2 cardId=CS2_200 player=1] tag=EXHAUSTED value=1

00:22:01 BOT      - INFO     **********
00:22:01 BOT      - INFO     Attack Phase
00:22:01 BOT      - INFO     **********
00:22:01 BOT      - INFO     [River Crocolisk (2:2/3) (id:27) (pos:1),
 Frog (0:0/1) (id:71) (pos:4),
 Sen'jin Shieldmasta (4:3/5) (id:8) (pos:2),
 Boulderfist Ogre (6:6/7) (id:26) (pos:3)]
00:22:01 BOT      - DEBUG    Attack phase
00:22:01 BOT      - DEBUG    Minions available to attack = [River Crocolisk (2:2/3) (id:27) (pos:1), Sen'jin Shieldmasta (4:3/5) (id:8) (pos:2)]
00:22:01 ALGS     - DEBUG    can_kill_minion start
00:22:01 ALGS     - DEBUG    can_kill_minion end
00:22:01 CONTROL  - DEBUG    Clicking on minion at position 1 of 4
00:22:03 parser   - DEBUG    [Power] GameState.DebugPrintPower() - ACTION_START Entity=[name=River Crocolisk id=27 zone=PLAY zonePos=1 cardId=CS2_120 player=1] SubType=ATTACK Index=-1 Target=[name=Thrall id=36 zone=PLAY zonePos=0 cardId=HERO_02 player=2]

00:22:03 STATE    - INFO     ATTACK: River Crocolisk (2:2/3) (id:27) (pos:1) -> Thrall (0/30) - (id:36)
00:22:03 parser   - DEBUG    [Power] GameState.DebugPrintPower() -     TAG_CHANGE Entity=[name=River Crocolisk id=27 zone=PLAY zonePos=1 cardId=CS2_120 player=1] tag=ATTACKING value=1

00:22:03 parser   - DEBUG    [Power] GameState.DebugPrintPower() -     TAG_CHANGE Entity=[name=Thrall id=36 zone=PLAY zonePos=0 cardId=HERO_02 player=2] tag=DEFENDING value=1

00:22:03 parser   - DEBUG    [Power] GameState.DebugPrintPower() -     TAG_CHANGE Entity=[name=Thrall id=36 zone=PLAY zonePos=0 cardId=HERO_02 player=2] tag=PREDAMAGE value=2

00:22:03 parser   - DEBUG    [Power] GameState.DebugPrintPower() -     TAG_CHANGE Entity=[name=Thrall id=36 zone=PLAY zonePos=0 cardId=HERO_02 player=2] tag=PREDAMAGE value=0

00:22:03 parser   - DEBUG    [Power] GameState.DebugPrintPower() -     TAG_CHANGE Entity=[name=Thrall id=36 zone=PLAY zonePos=0 cardId=HERO_02 player=2] tag=DAMAGE value=2

00:22:03 STATE    - INFO     Thrall (0/30) - (id:36) has 2 DAMAGE
00:22:03 parser   - DEBUG    [Power] GameState.DebugPrintPower() -     TAG_CHANGE Entity=[name=River Crocolisk id=27 zone=PLAY zonePos=1 cardId=CS2_120 player=1] tag=EXHAUSTED value=1

00:22:03 parser   - DEBUG    [Power] GameState.DebugPrintPower() -     TAG_CHANGE Entity=[name=River Crocolisk id=27 zone=PLAY zonePos=1 cardId=CS2_120 player=1] tag=ATTACKING value=0

00:22:03 parser   - DEBUG    [Power] GameState.DebugPrintPower() -     TAG_CHANGE Entity=[name=Thrall id=36 zone=PLAY zonePos=0 cardId=HERO_02 player=2] tag=DEFENDING value=0

00:22:03 CONTROL  - DEBUG    Clicking on minion at position 2 of 4
00:22:06 parser   - DEBUG    [Power] GameState.DebugPrintPower() - ACTION_START Entity=[name=Sen'jin Shieldmasta id=8 zone=PLAY zonePos=2 cardId=CS2_179 player=1] SubType=ATTACK Index=-1 Target=[name=Thrall id=36 zone=PLAY zonePos=0 cardId=HERO_02 player=2]

00:22:06 STATE    - INFO     ATTACK: Sen'jin Shieldmasta (4:3/5) (id:8) (pos:2) -> Thrall (0/30) - (id:36)
00:22:06 parser   - DEBUG    [Power] GameState.DebugPrintPower() -     TAG_CHANGE Entity=[name=Sen'jin Shieldmasta id=8 zone=PLAY zonePos=2 cardId=CS2_179 player=1] tag=ATTACKING value=1

00:22:06 parser   - DEBUG    [Power] GameState.DebugPrintPower() -     TAG_CHANGE Entity=[name=Thrall id=36 zone=PLAY zonePos=0 cardId=HERO_02 player=2] tag=DEFENDING value=1

00:22:06 parser   - DEBUG    [Power] GameState.DebugPrintPower() -     TAG_CHANGE Entity=[name=Thrall id=36 zone=PLAY zonePos=0 cardId=HERO_02 player=2] tag=PREDAMAGE value=3

00:22:06 parser   - DEBUG    [Power] GameState.DebugPrintPower() -     TAG_CHANGE Entity=[name=Thrall id=36 zone=PLAY zonePos=0 cardId=HERO_02 player=2] tag=PREDAMAGE value=0

00:22:06 parser   - DEBUG    [Power] GameState.DebugPrintPower() -     TAG_CHANGE Entity=[name=Thrall id=36 zone=PLAY zonePos=0 cardId=HERO_02 player=2] tag=DAMAGE value=5

00:22:06 STATE    - INFO     Thrall (0/30) - (id:36) has 5 DAMAGE
00:22:06 parser   - DEBUG    [Power] GameState.DebugPrintPower() -     TAG_CHANGE Entity=[name=Sen'jin Shieldmasta id=8 zone=PLAY zonePos=2 cardId=CS2_179 player=1] tag=EXHAUSTED value=1

00:22:06 parser   - DEBUG    [Power] GameState.DebugPrintPower() -     TAG_CHANGE Entity=[name=Sen'jin Shieldmasta id=8 zone=PLAY zonePos=2 cardId=CS2_179 player=1] tag=ATTACKING value=0

00:22:06 parser   - DEBUG    [Power] GameState.DebugPrintPower() -     TAG_CHANGE Entity=[name=Thrall id=36 zone=PLAY zonePos=0 cardId=HERO_02 player=2] tag=DEFENDING value=0

