23:44:46 BOT          - INFO     STARTING IN 5 SECONDS
23:44:51 BOT          - INFO     Tingle Tingle! Kooloo limpah!
23:44:54 parser       - INFO     Skipping to end of log file
23:44:55 BOT          - INFO     Waiting for game state to start: GameState: started: False
23:45:10 BOT          - INFO     Waiting for game state to start: GameState: started: False
23:45:10 STATE        - INFO     **************************
23:45:10 STATE        - INFO     ***** STARTING GAME *****
23:45:10 STATE        - INFO     **************************
23:45:10 STATE        - INFO     TINGLE is player 1
23:45:10 STATE        - INFO     OPPONENT is player 2
23:45:10 parser       - DEBUG    [Zone] ZoneChangeList.ProcessChanges() - id=1 local=False [name=Gul'dan id=4 zone=PLAY zonePos=0 cardId=HERO_07 player=1] zone from  -> FRIENDLY PLAY (Hero)

23:45:10 STATE        - INFO     Adding our hero to play: Gul'dan (0/30) - (id:4)
23:45:10 STATE        - INFO     Adding Gul'dan (0/30) - (id:4) to active cards in zone PLAY
23:45:10 parser       - DEBUG    [Zone] ZoneChangeList.ProcessChanges() - id=1 local=False [name=Life Tap id=5 zone=PLAY zonePos=0 cardId=CS2_056 player=1] zone from  -> FRIENDLY PLAY (Hero Power)

23:45:10 STATE        - INFO     Moving Hero Power/Weapon to play but not as a minion: Life Tap - (id:5)
23:45:10 STATE        - INFO     Adding Life Tap - (id:5) to active cards in zone PLAY
23:45:10 STATE        - INFO     DRAW CARD: Boulderfist Ogre (6/7) - 6 mana (id:6)
23:45:10 STATE        - INFO     Adding Boulderfist Ogre (6/7) - 6 mana (id:6) to active cards in zone HAND
23:45:10 STATE        - INFO     Cards in HAND:
[Boulderfist Ogre (6/7) - 6 mana (id:6)]
23:45:10 STATE        - INFO     Update card Boulderfist Ogre (6/7) - 6 mana (id:6) to position 2 in HAND
23:45:10 STATE        - INFO     DRAW CARD: Acidic Swamp Ooze (3/2) - 2 mana (id:7)
23:45:10 STATE        - INFO     Adding Acidic Swamp Ooze (3/2) - 2 mana (id:7) to active cards in zone HAND
23:45:10 STATE        - INFO     Cards in HAND:
[Boulderfist Ogre (6/7) - 6 mana (id:6),
 Acidic Swamp Ooze (3/2) - 2 mana (id:7)]
23:45:10 STATE        - INFO     Update card Acidic Swamp Ooze (3/2) - 2 mana (id:7) to position 3 in HAND
23:45:10 STATE        - INFO     DRAW CARD: Bloodfen Raptor (3/2) - 2 mana (id:17)
23:45:10 STATE        - INFO     Adding Bloodfen Raptor (3/2) - 2 mana (id:17) to active cards in zone HAND
23:45:10 STATE        - INFO     Cards in HAND:
[Boulderfist Ogre (6/7) - 6 mana (id:6),
 Acidic Swamp Ooze (3/2) - 2 mana (id:7),
 Bloodfen Raptor (3/2) - 2 mana (id:17)]
23:45:10 STATE        - INFO     Update card Bloodfen Raptor (3/2) - 2 mana (id:17) to position 1 in HAND
23:45:10 STATE        - INFO     DRAW CARD: Razorfen Hunter (2/3) - 3 mana (id:20)
23:45:10 STATE        - INFO     Adding Razorfen Hunter (2/3) - 3 mana (id:20) to active cards in zone HAND
23:45:10 STATE        - INFO     Cards in HAND:
[Boulderfist Ogre (6/7) - 6 mana (id:6),
 Acidic Swamp Ooze (3/2) - 2 mana (id:7),
 Bloodfen Raptor (3/2) - 2 mana (id:17),
 Razorfen Hunter (2/3) - 3 mana (id:20)]
23:45:10 STATE        - INFO     Update card Razorfen Hunter (2/3) - 3 mana (id:20) to position 4 in HAND
23:45:10 parser       - DEBUG    [Zone] ZoneChangeList.ProcessChanges() - id=1 local=False [name=Thrall id=36 zone=PLAY zonePos=0 cardId=HERO_02 player=2] zone from  -> OPPOSING PLAY (Hero)

23:45:10 STATE        - INFO     Adding opponent hero to play: Thrall (0/30) - (id:36)
23:45:10 STATE        - INFO     Adding Thrall (0/30) - (id:36) to active cards in zone PLAY
23:45:10 parser       - DEBUG    [Zone] ZoneChangeList.ProcessChanges() - id=1 local=False [name=Totemic Call id=37 zone=PLAY zonePos=0 cardId=CS2_049 player=2] zone from  -> OPPOSING PLAY (Hero Power)

23:45:10 STATE        - INFO     Moving Hero Power/Weapon to play but not as minion: Totemic Call - (id:37)
23:45:10 STATE        - INFO     Adding Totemic Call - (id:37) to active cards in zone PLAY
23:45:10 STATE        - INFO     DRAW CARD: The Coin - 0 mana (id:68)
23:45:10 STATE        - INFO     Adding The Coin - 0 mana (id:68) to active cards in zone HAND
23:45:10 STATE        - INFO     Cards in HAND:
[Boulderfist Ogre (6/7) - 6 mana (id:6),
 Acidic Swamp Ooze (3/2) - 2 mana (id:7),
 Bloodfen Raptor (3/2) - 2 mana (id:17),
 Razorfen Hunter (2/3) - 3 mana (id:20),
 The Coin - 0 mana (id:68)]
23:45:10 STATE        - INFO     Update card The Coin - 0 mana (id:68) to position 5 in HAND
23:45:33 STATE        - INFO     **********
23:45:33 STATE        - INFO     TINGLE's TURN - 1 mana
23:45:33 STATE        - INFO     **********
23:45:43 STATE        - INFO     DRAW CARD: Chillwind Yeti (4/5) - 4 mana (id:25)
23:45:43 STATE        - INFO     Adding Chillwind Yeti (4/5) - 4 mana (id:25) to active cards in zone HAND
23:45:43 STATE        - INFO     Cards in HAND:
[Boulderfist Ogre (6/7) - 6 mana (id:6),
 Acidic Swamp Ooze (3/2) - 2 mana (id:7),
 Bloodfen Raptor (3/2) - 2 mana (id:17),
 Razorfen Hunter (2/3) - 3 mana (id:20),
 The Coin - 0 mana (id:68),
 Chillwind Yeti (4/5) - 4 mana (id:25)]
23:45:43 STATE        - INFO     Update card Chillwind Yeti (4/5) - 4 mana (id:25) to position 6 in HAND
23:45:43 BOT          - DEBUG    Play phase start
23:45:43 ALGS         - DEBUG    Spend max mana. Available: 1
23:45:43 ALGS         - DEBUG    Candidates: []
