21:24:40 BOT          - INFO     STARTING IN 5 SECONDS
21:24:45 BOT          - INFO     Tingle Tingle! Kooloo limpah!
21:24:48 parser       - INFO     Skipping to end of log file
21:24:49 BOT          - INFO     Waiting for game state to start: GameState: started: False
21:25:04 BOT          - INFO     Waiting for game state to start: GameState: started: False
21:25:19 BOT          - INFO     Waiting for game state to start: GameState: started: False
21:25:34 BOT          - INFO     Waiting for game state to start: GameState: started: False
21:25:49 BOT          - INFO     Waiting for game state to start: GameState: started: False
21:26:04 BOT          - INFO     Waiting for game state to start: GameState: started: False
21:26:19 BOT          - INFO     Waiting for game state to start: GameState: started: False
21:26:34 BOT          - INFO     Waiting for game state to start: GameState: started: False
21:26:49 BOT          - INFO     Waiting for game state to start: GameState: started: False
21:27:04 BOT          - INFO     Waiting for game state to start: GameState: started: False
21:27:19 BOT          - INFO     Waiting for game state to start: GameState: started: False
21:27:34 BOT          - INFO     Waiting for game state to start: GameState: started: False
21:27:49 BOT          - INFO     Waiting for game state to start: GameState: started: False
21:28:04 BOT          - INFO     Waiting for game state to start: GameState: started: False
21:28:19 BOT          - INFO     Waiting for game state to start: GameState: started: False
21:28:34 BOT          - INFO     Waiting for game state to start: GameState: started: False
21:28:49 BOT          - INFO     Waiting for game state to start: GameState: started: False
21:29:04 BOT          - INFO     Waiting for game state to start: GameState: started: False
21:29:19 BOT          - INFO     Waiting for game state to start: GameState: started: False
21:29:34 BOT          - INFO     Waiting for game state to start: GameState: started: False
21:29:49 BOT          - INFO     Waiting for game state to start: GameState: started: False
21:30:04 BOT          - INFO     Waiting for game state to start: GameState: started: False
21:30:19 BOT          - INFO     Waiting for game state to start: GameState: started: False
21:30:34 BOT          - INFO     Waiting for game state to start: GameState: started: False
21:30:49 BOT          - INFO     Waiting for game state to start: GameState: started: False
21:31:04 BOT          - INFO     Waiting for game state to start: GameState: started: False
21:31:19 BOT          - INFO     Waiting for game state to start: GameState: started: False
21:31:34 BOT          - INFO     Waiting for game state to start: GameState: started: False
21:31:49 BOT          - INFO     Waiting for game state to start: GameState: started: False
21:32:04 BOT          - INFO     Waiting for game state to start: GameState: started: False
21:32:19 BOT          - INFO     Waiting for game state to start: GameState: started: False
21:32:34 BOT          - INFO     Waiting for game state to start: GameState: started: False
21:32:49 BOT          - INFO     Waiting for game state to start: GameState: started: False
21:33:04 BOT          - INFO     Waiting for game state to start: GameState: started: False
21:33:19 BOT          - INFO     Waiting for game state to start: GameState: started: False
21:33:34 BOT          - INFO     Waiting for game state to start: GameState: started: False
21:33:49 BOT          - INFO     Waiting for game state to start: GameState: started: False
21:34:04 BOT          - INFO     Waiting for game state to start: GameState: started: False
21:34:19 BOT          - INFO     Waiting for game state to start: GameState: started: False
21:34:34 BOT          - INFO     Waiting for game state to start: GameState: started: False
21:34:49 BOT          - INFO     Waiting for game state to start: GameState: started: False
21:35:04 BOT          - INFO     Waiting for game state to start: GameState: started: False
21:35:19 BOT          - INFO     Waiting for game state to start: GameState: started: False
21:35:34 BOT          - INFO     Waiting for game state to start: GameState: started: False
21:35:49 BOT          - INFO     Waiting for game state to start: GameState: started: False
21:36:04 BOT          - INFO     Waiting for game state to start: GameState: started: False
21:36:19 BOT          - INFO     Waiting for game state to start: GameState: started: False
21:36:34 BOT          - INFO     Waiting for game state to start: GameState: started: False
21:36:49 BOT          - INFO     Waiting for game state to start: GameState: started: False
21:37:04 BOT          - INFO     Waiting for game state to start: GameState: started: False
21:37:19 BOT          - INFO     Waiting for game state to start: GameState: started: False
21:37:34 BOT          - INFO     Waiting for game state to start: GameState: started: False
21:37:49 BOT          - INFO     Waiting for game state to start: GameState: started: False
21:38:04 BOT          - INFO     Waiting for game state to start: GameState: started: False
21:38:19 BOT          - INFO     Waiting for game state to start: GameState: started: False
21:38:34 BOT          - INFO     Waiting for game state to start: GameState: started: False
21:38:49 BOT          - INFO     Waiting for game state to start: GameState: started: False
21:39:04 BOT          - INFO     Waiting for game state to start: GameState: started: False
21:39:19 BOT          - INFO     Waiting for game state to start: GameState: started: False
21:39:34 BOT          - INFO     Waiting for game state to start: GameState: started: False
21:39:49 BOT          - INFO     Waiting for game state to start: GameState: started: False
21:40:04 BOT          - INFO     Waiting for game state to start: GameState: started: False
21:40:19 BOT          - INFO     Waiting for game state to start: GameState: started: False
21:40:34 BOT          - INFO     Waiting for game state to start: GameState: started: False
21:40:49 BOT          - INFO     Waiting for game state to start: GameState: started: False
21:41:04 BOT          - INFO     Waiting for game state to start: GameState: started: False
21:41:19 BOT          - INFO     Waiting for game state to start: GameState: started: False
21:41:34 BOT          - INFO     Waiting for game state to start: GameState: started: False
21:41:49 BOT          - INFO     Waiting for game state to start: GameState: started: False
21:42:04 BOT          - INFO     Waiting for game state to start: GameState: started: False
21:42:19 BOT          - INFO     Waiting for game state to start: GameState: started: False
21:42:34 BOT          - INFO     Waiting for game state to start: GameState: started: False
21:42:49 BOT          - INFO     Waiting for game state to start: GameState: started: False
21:43:04 BOT          - INFO     Waiting for game state to start: GameState: started: False
21:43:19 BOT          - INFO     Waiting for game state to start: GameState: started: False
21:43:34 BOT          - INFO     Waiting for game state to start: GameState: started: False
21:43:49 BOT          - INFO     Waiting for game state to start: GameState: started: False
21:44:04 BOT          - INFO     Waiting for game state to start: GameState: started: False
21:44:19 BOT          - INFO     Waiting for game state to start: GameState: started: False
21:44:34 BOT          - INFO     Waiting for game state to start: GameState: started: False
21:44:49 BOT          - INFO     Waiting for game state to start: GameState: started: False
21:45:04 BOT          - INFO     Waiting for game state to start: GameState: started: False
21:45:19 BOT          - INFO     Waiting for game state to start: GameState: started: False
21:45:34 BOT          - INFO     Waiting for game state to start: GameState: started: False
21:45:49 BOT          - INFO     Waiting for game state to start: GameState: started: False
21:46:04 BOT          - INFO     Waiting for game state to start: GameState: started: False
21:46:19 BOT          - INFO     Waiting for game state to start: GameState: started: False
21:46:34 BOT          - INFO     Waiting for game state to start: GameState: started: False
21:46:49 BOT          - INFO     Waiting for game state to start: GameState: started: False
21:47:04 BOT          - INFO     Waiting for game state to start: GameState: started: False
21:47:19 BOT          - INFO     Waiting for game state to start: GameState: started: False
21:47:34 BOT          - INFO     Waiting for game state to start: GameState: started: False
21:47:49 BOT          - INFO     Waiting for game state to start: GameState: started: False
21:48:04 BOT          - INFO     Waiting for game state to start: GameState: started: False
21:48:19 BOT          - INFO     Waiting for game state to start: GameState: started: False
21:48:34 BOT          - INFO     Waiting for game state to start: GameState: started: False
21:48:49 BOT          - INFO     Waiting for game state to start: GameState: started: False
21:49:04 BOT          - INFO     Waiting for game state to start: GameState: started: False
21:49:19 BOT          - INFO     Waiting for game state to start: GameState: started: False
21:49:34 BOT          - INFO     Waiting for game state to start: GameState: started: False
21:49:49 BOT          - INFO     Waiting for game state to start: GameState: started: False
21:50:04 BOT          - INFO     Waiting for game state to start: GameState: started: False
21:50:19 BOT          - INFO     Waiting for game state to start: GameState: started: False
21:50:34 BOT          - INFO     Waiting for game state to start: GameState: started: False
21:50:49 BOT          - INFO     Waiting for game state to start: GameState: started: False
21:51:04 BOT          - INFO     Waiting for game state to start: GameState: started: False
21:51:19 BOT          - INFO     Waiting for game state to start: GameState: started: False
21:51:34 BOT          - INFO     Waiting for game state to start: GameState: started: False
21:51:49 BOT          - INFO     Waiting for game state to start: GameState: started: False
21:52:04 BOT          - INFO     Waiting for game state to start: GameState: started: False
21:52:19 BOT          - INFO     Waiting for game state to start: GameState: started: False
21:52:34 BOT          - INFO     Waiting for game state to start: GameState: started: False
21:52:49 BOT          - INFO     Waiting for game state to start: GameState: started: False
21:53:04 BOT          - INFO     Waiting for game state to start: GameState: started: False
21:53:19 BOT          - INFO     Waiting for game state to start: GameState: started: False
21:53:34 BOT          - INFO     Waiting for game state to start: GameState: started: False
21:53:49 BOT          - INFO     Waiting for game state to start: GameState: started: False
21:54:04 BOT          - INFO     Waiting for game state to start: GameState: started: False
21:54:19 BOT          - INFO     Waiting for game state to start: GameState: started: False
21:54:34 BOT          - INFO     Waiting for game state to start: GameState: started: False
21:54:49 BOT          - INFO     Waiting for game state to start: GameState: started: False
21:55:04 BOT          - INFO     Waiting for game state to start: GameState: started: False
21:55:19 BOT          - INFO     Waiting for game state to start: GameState: started: False
21:55:34 BOT          - INFO     Waiting for game state to start: GameState: started: False
21:55:49 BOT          - INFO     Waiting for game state to start: GameState: started: False
21:56:04 BOT          - INFO     Waiting for game state to start: GameState: started: False
21:56:19 BOT          - INFO     Waiting for game state to start: GameState: started: False
21:56:34 BOT          - INFO     Waiting for game state to start: GameState: started: False
21:56:49 BOT          - INFO     Waiting for game state to start: GameState: started: False
21:57:04 BOT          - INFO     Waiting for game state to start: GameState: started: False
21:57:19 BOT          - INFO     Waiting for game state to start: GameState: started: False
21:57:34 BOT          - INFO     Waiting for game state to start: GameState: started: False
21:57:49 BOT          - INFO     Waiting for game state to start: GameState: started: False
21:58:04 BOT          - INFO     Waiting for game state to start: GameState: started: False
21:58:19 BOT          - INFO     Waiting for game state to start: GameState: started: False
21:58:34 BOT          - INFO     Waiting for game state to start: GameState: started: False
21:58:49 BOT          - INFO     Waiting for game state to start: GameState: started: False
21:59:04 BOT          - INFO     Waiting for game state to start: GameState: started: False
21:59:19 BOT          - INFO     Waiting for game state to start: GameState: started: False
21:59:34 BOT          - INFO     Waiting for game state to start: GameState: started: False
21:59:49 BOT          - INFO     Waiting for game state to start: GameState: started: False
22:00:04 BOT          - INFO     Waiting for game state to start: GameState: started: False
22:00:19 BOT          - INFO     Waiting for game state to start: GameState: started: False
22:00:34 BOT          - INFO     Waiting for game state to start: GameState: started: False
22:00:49 BOT          - INFO     Waiting for game state to start: GameState: started: False
22:01:04 BOT          - INFO     Waiting for game state to start: GameState: started: False
22:01:19 BOT          - INFO     Waiting for game state to start: GameState: started: False
22:01:34 BOT          - INFO     Waiting for game state to start: GameState: started: False
22:01:49 BOT          - INFO     Waiting for game state to start: GameState: started: False
22:02:04 BOT          - INFO     Waiting for game state to start: GameState: started: False
22:02:19 BOT          - INFO     Waiting for game state to start: GameState: started: False
22:02:34 BOT          - INFO     Waiting for game state to start: GameState: started: False
22:02:49 BOT          - INFO     Waiting for game state to start: GameState: started: False
22:03:04 BOT          - INFO     Waiting for game state to start: GameState: started: False
22:03:19 BOT          - INFO     Waiting for game state to start: GameState: started: False
22:03:34 BOT          - INFO     Waiting for game state to start: GameState: started: False
22:03:49 BOT          - INFO     Waiting for game state to start: GameState: started: False
22:04:04 BOT          - INFO     Waiting for game state to start: GameState: started: False
22:04:19 BOT          - INFO     Waiting for game state to start: GameState: started: False
22:04:34 BOT          - INFO     Waiting for game state to start: GameState: started: False
22:04:49 BOT          - INFO     Waiting for game state to start: GameState: started: False
22:05:04 BOT          - INFO     Waiting for game state to start: GameState: started: False
22:05:19 BOT          - INFO     Waiting for game state to start: GameState: started: False
22:05:34 BOT          - INFO     Waiting for game state to start: GameState: started: False
22:05:49 BOT          - INFO     Waiting for game state to start: GameState: started: False
22:06:04 BOT          - INFO     Waiting for game state to start: GameState: started: False
22:06:19 BOT          - INFO     Waiting for game state to start: GameState: started: False
22:06:34 BOT          - INFO     Waiting for game state to start: GameState: started: False
22:06:49 BOT          - INFO     Waiting for game state to start: GameState: started: False
22:07:04 BOT          - INFO     Waiting for game state to start: GameState: started: False
22:07:19 BOT          - INFO     Waiting for game state to start: GameState: started: False
22:07:34 BOT          - INFO     Waiting for game state to start: GameState: started: False
22:07:49 BOT          - INFO     Waiting for game state to start: GameState: started: False
22:08:04 BOT          - INFO     Waiting for game state to start: GameState: started: False
22:08:19 BOT          - INFO     Waiting for game state to start: GameState: started: False
22:08:34 BOT          - INFO     Waiting for game state to start: GameState: started: False
22:08:49 BOT          - INFO     Waiting for game state to start: GameState: started: False
22:09:04 BOT          - INFO     Waiting for game state to start: GameState: started: False
22:09:19 BOT          - INFO     Waiting for game state to start: GameState: started: False
22:09:34 BOT          - INFO     Waiting for game state to start: GameState: started: False
22:09:49 BOT          - INFO     Waiting for game state to start: GameState: started: False
22:10:04 BOT          - INFO     Waiting for game state to start: GameState: started: False
22:10:19 BOT          - INFO     Waiting for game state to start: GameState: started: False
22:10:34 BOT          - INFO     Waiting for game state to start: GameState: started: False
22:10:49 BOT          - INFO     Waiting for game state to start: GameState: started: False
22:11:04 BOT          - INFO     Waiting for game state to start: GameState: started: False
22:11:19 BOT          - INFO     Waiting for game state to start: GameState: started: False
22:11:34 BOT          - INFO     Waiting for game state to start: GameState: started: False
22:11:49 BOT          - INFO     Waiting for game state to start: GameState: started: False
22:12:04 BOT          - INFO     Waiting for game state to start: GameState: started: False
22:12:19 BOT          - INFO     Waiting for game state to start: GameState: started: False
22:12:34 BOT          - INFO     Waiting for game state to start: GameState: started: False
22:12:49 BOT          - INFO     Waiting for game state to start: GameState: started: False
22:13:04 BOT          - INFO     Waiting for game state to start: GameState: started: False
22:13:19 BOT          - INFO     Waiting for game state to start: GameState: started: False
22:13:34 BOT          - INFO     Waiting for game state to start: GameState: started: False
22:13:49 BOT          - INFO     Waiting for game state to start: GameState: started: False
22:14:04 BOT          - INFO     Waiting for game state to start: GameState: started: False
22:14:19 BOT          - INFO     Waiting for game state to start: GameState: started: False
22:14:34 BOT          - INFO     Waiting for game state to start: GameState: started: False
22:14:49 BOT          - INFO     Waiting for game state to start: GameState: started: False
22:15:04 BOT          - INFO     Waiting for game state to start: GameState: started: False
22:15:19 BOT          - INFO     Waiting for game state to start: GameState: started: False
22:15:34 BOT          - INFO     Waiting for game state to start: GameState: started: False
22:15:49 BOT          - INFO     Waiting for game state to start: GameState: started: False
22:16:04 BOT          - INFO     Waiting for game state to start: GameState: started: False
22:16:19 BOT          - INFO     Waiting for game state to start: GameState: started: False
22:16:34 BOT          - INFO     Waiting for game state to start: GameState: started: False
22:16:49 BOT          - INFO     Waiting for game state to start: GameState: started: False
22:17:04 BOT          - INFO     Waiting for game state to start: GameState: started: False
22:17:19 BOT          - INFO     Waiting for game state to start: GameState: started: False
22:17:34 BOT          - INFO     Waiting for game state to start: GameState: started: False
22:17:49 BOT          - INFO     Waiting for game state to start: GameState: started: False
22:18:04 BOT          - INFO     Waiting for game state to start: GameState: started: False
22:18:19 BOT          - INFO     Waiting for game state to start: GameState: started: False
22:18:34 BOT          - INFO     Waiting for game state to start: GameState: started: False
22:18:49 BOT          - INFO     Waiting for game state to start: GameState: started: False
22:19:04 BOT          - INFO     Waiting for game state to start: GameState: started: False
22:19:19 BOT          - INFO     Waiting for game state to start: GameState: started: False
22:19:34 BOT          - INFO     Waiting for game state to start: GameState: started: False
22:19:49 BOT          - INFO     Waiting for game state to start: GameState: started: False
22:20:04 BOT          - INFO     Waiting for game state to start: GameState: started: False
22:20:19 BOT          - INFO     Waiting for game state to start: GameState: started: False
22:20:34 BOT          - INFO     Waiting for game state to start: GameState: started: False
22:20:49 BOT          - INFO     Waiting for game state to start: GameState: started: False
22:21:04 BOT          - INFO     Waiting for game state to start: GameState: started: False
22:21:19 BOT          - INFO     Waiting for game state to start: GameState: started: False
22:21:34 BOT          - INFO     Waiting for game state to start: GameState: started: False
22:21:49 BOT          - INFO     Waiting for game state to start: GameState: started: False
22:22:04 BOT          - INFO     Waiting for game state to start: GameState: started: False
22:22:19 BOT          - INFO     Waiting for game state to start: GameState: started: False
22:22:34 BOT          - INFO     Waiting for game state to start: GameState: started: False
22:22:49 BOT          - INFO     Waiting for game state to start: GameState: started: False
22:23:04 BOT          - INFO     Waiting for game state to start: GameState: started: False
22:23:19 BOT          - INFO     Waiting for game state to start: GameState: started: False
22:23:34 BOT          - INFO     Waiting for game state to start: GameState: started: False
22:23:49 BOT          - INFO     Waiting for game state to start: GameState: started: False
22:24:04 BOT          - INFO     Waiting for game state to start: GameState: started: False
22:24:19 BOT          - INFO     Waiting for game state to start: GameState: started: False
22:24:34 BOT          - INFO     Waiting for game state to start: GameState: started: False
22:24:49 BOT          - INFO     Waiting for game state to start: GameState: started: False
22:25:04 BOT          - INFO     Waiting for game state to start: GameState: started: False
22:25:19 BOT          - INFO     Waiting for game state to start: GameState: started: False
22:25:34 BOT          - INFO     Waiting for game state to start: GameState: started: False
22:25:49 BOT          - INFO     Waiting for game state to start: GameState: started: False
22:26:04 BOT          - INFO     Waiting for game state to start: GameState: started: False
22:26:19 BOT          - INFO     Waiting for game state to start: GameState: started: False
22:26:34 BOT          - INFO     Waiting for game state to start: GameState: started: False
22:26:49 BOT          - INFO     Waiting for game state to start: GameState: started: False
22:27:04 BOT          - INFO     Waiting for game state to start: GameState: started: False
22:27:19 BOT          - INFO     Waiting for game state to start: GameState: started: False
22:27:34 BOT          - INFO     Waiting for game state to start: GameState: started: False
22:27:49 BOT          - INFO     Waiting for game state to start: GameState: started: False
22:28:04 BOT          - INFO     Waiting for game state to start: GameState: started: False
22:28:19 BOT          - INFO     Waiting for game state to start: GameState: started: False
22:28:34 BOT          - INFO     Waiting for game state to start: GameState: started: False
22:28:49 BOT          - INFO     Waiting for game state to start: GameState: started: False
22:29:04 BOT          - INFO     Waiting for game state to start: GameState: started: False
22:29:19 BOT          - INFO     Waiting for game state to start: GameState: started: False
22:29:34 BOT          - INFO     Waiting for game state to start: GameState: started: False
22:29:49 BOT          - INFO     Waiting for game state to start: GameState: started: False
22:30:04 BOT          - INFO     Waiting for game state to start: GameState: started: False
22:30:19 BOT          - INFO     Waiting for game state to start: GameState: started: False
22:30:34 BOT          - INFO     Waiting for game state to start: GameState: started: False
22:30:49 BOT          - INFO     Waiting for game state to start: GameState: started: False
22:31:04 BOT          - INFO     Waiting for game state to start: GameState: started: False
22:31:19 BOT          - INFO     Waiting for game state to start: GameState: started: False
22:31:34 BOT          - INFO     Waiting for game state to start: GameState: started: False
22:31:49 BOT          - INFO     Waiting for game state to start: GameState: started: False
22:32:04 BOT          - INFO     Waiting for game state to start: GameState: started: False
22:32:19 BOT          - INFO     Waiting for game state to start: GameState: started: False
22:32:34 BOT          - INFO     Waiting for game state to start: GameState: started: False
22:32:49 BOT          - INFO     Waiting for game state to start: GameState: started: False
22:33:04 BOT          - INFO     Waiting for game state to start: GameState: started: False
22:33:19 BOT          - INFO     Waiting for game state to start: GameState: started: False
22:33:34 BOT          - INFO     Waiting for game state to start: GameState: started: False
22:33:49 BOT          - INFO     Waiting for game state to start: GameState: started: False
22:34:04 BOT          - INFO     Waiting for game state to start: GameState: started: False
22:34:19 BOT          - INFO     Waiting for game state to start: GameState: started: False
22:34:34 BOT          - INFO     Waiting for game state to start: GameState: started: False
22:34:49 BOT          - INFO     Waiting for game state to start: GameState: started: False
22:35:04 BOT          - INFO     Waiting for game state to start: GameState: started: False
22:35:19 BOT          - INFO     Waiting for game state to start: GameState: started: False
22:35:34 BOT          - INFO     Waiting for game state to start: GameState: started: False
22:35:49 BOT          - INFO     Waiting for game state to start: GameState: started: False
22:36:04 BOT          - INFO     Waiting for game state to start: GameState: started: False
22:36:19 BOT          - INFO     Waiting for game state to start: GameState: started: False
22:36:34 BOT          - INFO     Waiting for game state to start: GameState: started: False
22:36:49 BOT          - INFO     Waiting for game state to start: GameState: started: False
22:37:04 BOT          - INFO     Waiting for game state to start: GameState: started: False
22:37:19 BOT          - INFO     Waiting for game state to start: GameState: started: False
22:37:34 BOT          - INFO     Waiting for game state to start: GameState: started: False
22:37:49 BOT          - INFO     Waiting for game state to start: GameState: started: False
22:38:04 BOT          - INFO     Waiting for game state to start: GameState: started: False
22:38:19 BOT          - INFO     Waiting for game state to start: GameState: started: False
22:38:34 BOT          - INFO     Waiting for game state to start: GameState: started: False
22:38:49 BOT          - INFO     Waiting for game state to start: GameState: started: False
22:39:04 BOT          - INFO     Waiting for game state to start: GameState: started: False
22:39:19 BOT          - INFO     Waiting for game state to start: GameState: started: False
22:39:34 BOT          - INFO     Waiting for game state to start: GameState: started: False
22:39:49 BOT          - INFO     Waiting for game state to start: GameState: started: False
22:40:04 BOT          - INFO     Waiting for game state to start: GameState: started: False
22:40:19 BOT          - INFO     Waiting for game state to start: GameState: started: False
22:40:34 BOT          - INFO     Waiting for game state to start: GameState: started: False
22:40:49 BOT          - INFO     Waiting for game state to start: GameState: started: False
22:41:04 BOT          - INFO     Waiting for game state to start: GameState: started: False
22:41:19 BOT          - INFO     Waiting for game state to start: GameState: started: False
22:41:34 BOT          - INFO     Waiting for game state to start: GameState: started: False
22:41:49 BOT          - INFO     Waiting for game state to start: GameState: started: False
22:42:04 BOT          - INFO     Waiting for game state to start: GameState: started: False
22:42:19 BOT          - INFO     Waiting for game state to start: GameState: started: False
22:42:34 BOT          - INFO     Waiting for game state to start: GameState: started: False
22:42:49 BOT          - INFO     Waiting for game state to start: GameState: started: False
22:43:04 BOT          - INFO     Waiting for game state to start: GameState: started: False
22:43:19 BOT          - INFO     Waiting for game state to start: GameState: started: False
22:43:34 BOT          - INFO     Waiting for game state to start: GameState: started: False
22:43:49 BOT          - INFO     Waiting for game state to start: GameState: started: False
22:44:04 BOT          - INFO     Waiting for game state to start: GameState: started: False
22:44:19 BOT          - INFO     Waiting for game state to start: GameState: started: False
22:44:34 BOT          - INFO     Waiting for game state to start: GameState: started: False
22:44:49 BOT          - INFO     Waiting for game state to start: GameState: started: False
22:45:04 BOT          - INFO     Waiting for game state to start: GameState: started: False
22:45:19 BOT          - INFO     Waiting for game state to start: GameState: started: False
22:45:34 BOT          - INFO     Waiting for game state to start: GameState: started: False
22:45:49 BOT          - INFO     Waiting for game state to start: GameState: started: False
22:46:04 BOT          - INFO     Waiting for game state to start: GameState: started: False
22:46:19 BOT          - INFO     Waiting for game state to start: GameState: started: False
22:46:34 BOT          - INFO     Waiting for game state to start: GameState: started: False
22:46:49 BOT          - INFO     Waiting for game state to start: GameState: started: False
22:47:04 BOT          - INFO     Waiting for game state to start: GameState: started: False
22:47:19 BOT          - INFO     Waiting for game state to start: GameState: started: False
22:47:34 BOT          - INFO     Waiting for game state to start: GameState: started: False
22:47:49 BOT          - INFO     Waiting for game state to start: GameState: started: False
22:48:04 BOT          - INFO     Waiting for game state to start: GameState: started: False
22:48:19 BOT          - INFO     Waiting for game state to start: GameState: started: False
22:48:34 BOT          - INFO     Waiting for game state to start: GameState: started: False
22:48:49 BOT          - INFO     Waiting for game state to start: GameState: started: False
22:49:04 BOT          - INFO     Waiting for game state to start: GameState: started: False
22:49:19 BOT          - INFO     Waiting for game state to start: GameState: started: False
22:49:34 BOT          - INFO     Waiting for game state to start: GameState: started: False
22:49:49 BOT          - INFO     Waiting for game state to start: GameState: started: False
22:50:04 BOT          - INFO     Waiting for game state to start: GameState: started: False
22:50:19 BOT          - INFO     Waiting for game state to start: GameState: started: False
22:50:34 BOT          - INFO     Waiting for game state to start: GameState: started: False
22:50:49 BOT          - INFO     Waiting for game state to start: GameState: started: False
22:51:04 BOT          - INFO     Waiting for game state to start: GameState: started: False
22:51:19 BOT          - INFO     Waiting for game state to start: GameState: started: False
22:51:34 BOT          - INFO     Waiting for game state to start: GameState: started: False
22:51:49 BOT          - INFO     Waiting for game state to start: GameState: started: False
22:52:04 BOT          - INFO     Waiting for game state to start: GameState: started: False
22:52:19 BOT          - INFO     Waiting for game state to start: GameState: started: False
22:52:34 BOT          - INFO     Waiting for game state to start: GameState: started: False
22:52:49 BOT          - INFO     Waiting for game state to start: GameState: started: False
22:53:04 BOT          - INFO     Waiting for game state to start: GameState: started: False
22:53:19 BOT          - INFO     Waiting for game state to start: GameState: started: False
22:53:34 BOT          - INFO     Waiting for game state to start: GameState: started: False
22:53:49 BOT          - INFO     Waiting for game state to start: GameState: started: False
22:54:04 BOT          - INFO     Waiting for game state to start: GameState: started: False
22:54:19 BOT          - INFO     Waiting for game state to start: GameState: started: False
22:54:34 BOT          - INFO     Waiting for game state to start: GameState: started: False
22:54:49 BOT          - INFO     Waiting for game state to start: GameState: started: False
22:55:04 BOT          - INFO     Waiting for game state to start: GameState: started: False
22:55:19 BOT          - INFO     Waiting for game state to start: GameState: started: False
22:55:34 BOT          - INFO     Waiting for game state to start: GameState: started: False
22:55:49 BOT          - INFO     Waiting for game state to start: GameState: started: False
22:56:04 BOT          - INFO     Waiting for game state to start: GameState: started: False
22:56:19 BOT          - INFO     Waiting for game state to start: GameState: started: False
22:56:34 BOT          - INFO     Waiting for game state to start: GameState: started: False
22:56:49 BOT          - INFO     Waiting for game state to start: GameState: started: False
22:57:04 BOT          - INFO     Waiting for game state to start: GameState: started: False
22:57:19 BOT          - INFO     Waiting for game state to start: GameState: started: False
22:57:34 BOT          - INFO     Waiting for game state to start: GameState: started: False
22:57:49 BOT          - INFO     Waiting for game state to start: GameState: started: False
22:58:04 BOT          - INFO     Waiting for game state to start: GameState: started: False
22:58:19 BOT          - INFO     Waiting for game state to start: GameState: started: False
22:58:34 BOT          - INFO     Waiting for game state to start: GameState: started: False
22:58:49 BOT          - INFO     Waiting for game state to start: GameState: started: False
22:59:04 BOT          - INFO     Waiting for game state to start: GameState: started: False
22:59:19 BOT          - INFO     Waiting for game state to start: GameState: started: False
22:59:34 BOT          - INFO     Waiting for game state to start: GameState: started: False
22:59:49 BOT          - INFO     Waiting for game state to start: GameState: started: False
23:00:04 BOT          - INFO     Waiting for game state to start: GameState: started: False
23:00:19 BOT          - INFO     Waiting for game state to start: GameState: started: False
23:00:34 BOT          - INFO     Waiting for game state to start: GameState: started: False
23:00:49 BOT          - INFO     Waiting for game state to start: GameState: started: False
23:01:04 BOT          - INFO     Waiting for game state to start: GameState: started: False
23:01:19 BOT          - INFO     Waiting for game state to start: GameState: started: False
23:01:34 BOT          - INFO     Waiting for game state to start: GameState: started: False
23:01:49 BOT          - INFO     Waiting for game state to start: GameState: started: False
23:02:04 BOT          - INFO     Waiting for game state to start: GameState: started: False
23:02:19 BOT          - INFO     Waiting for game state to start: GameState: started: False
23:02:34 BOT          - INFO     Waiting for game state to start: GameState: started: False
23:02:49 BOT          - INFO     Waiting for game state to start: GameState: started: False
23:03:04 BOT          - INFO     Waiting for game state to start: GameState: started: False
23:03:19 BOT          - INFO     Waiting for game state to start: GameState: started: False
23:03:34 BOT          - INFO     Waiting for game state to start: GameState: started: False
23:03:49 BOT          - INFO     Waiting for game state to start: GameState: started: False
23:04:04 BOT          - INFO     Waiting for game state to start: GameState: started: False
23:04:19 BOT          - INFO     Waiting for game state to start: GameState: started: False
23:04:34 BOT          - INFO     Waiting for game state to start: GameState: started: False
23:04:49 BOT          - INFO     Waiting for game state to start: GameState: started: False
23:05:04 BOT          - INFO     Waiting for game state to start: GameState: started: False
23:05:19 BOT          - INFO     Waiting for game state to start: GameState: started: False
23:05:34 BOT          - INFO     Waiting for game state to start: GameState: started: False
23:05:49 BOT          - INFO     Waiting for game state to start: GameState: started: False
23:06:04 BOT          - INFO     Waiting for game state to start: GameState: started: False
23:06:19 BOT          - INFO     Waiting for game state to start: GameState: started: False
23:06:34 BOT          - INFO     Waiting for game state to start: GameState: started: False
23:06:49 BOT          - INFO     Waiting for game state to start: GameState: started: False
23:07:04 BOT          - INFO     Waiting for game state to start: GameState: started: False
23:07:19 BOT          - INFO     Waiting for game state to start: GameState: started: False
23:07:34 BOT          - INFO     Waiting for game state to start: GameState: started: False
23:07:49 BOT          - INFO     Waiting for game state to start: GameState: started: False
23:08:04 BOT          - INFO     Waiting for game state to start: GameState: started: False
23:08:19 BOT          - INFO     Waiting for game state to start: GameState: started: False
23:08:34 BOT          - INFO     Waiting for game state to start: GameState: started: False
23:08:49 BOT          - INFO     Waiting for game state to start: GameState: started: False
23:09:04 BOT          - INFO     Waiting for game state to start: GameState: started: False
23:09:19 BOT          - INFO     Waiting for game state to start: GameState: started: False
23:09:34 BOT          - INFO     Waiting for game state to start: GameState: started: False
23:09:49 BOT          - INFO     Waiting for game state to start: GameState: started: False
23:10:04 BOT          - INFO     Waiting for game state to start: GameState: started: False
23:10:19 BOT          - INFO     Waiting for game state to start: GameState: started: False
23:10:34 BOT          - INFO     Waiting for game state to start: GameState: started: False
23:10:49 BOT          - INFO     Waiting for game state to start: GameState: started: False
23:11:04 BOT          - INFO     Waiting for game state to start: GameState: started: False
23:11:19 BOT          - INFO     Waiting for game state to start: GameState: started: False
23:11:34 BOT          - INFO     Waiting for game state to start: GameState: started: False
23:11:49 BOT          - INFO     Waiting for game state to start: GameState: started: False
23:12:04 BOT          - INFO     Waiting for game state to start: GameState: started: False
23:12:19 BOT          - INFO     Waiting for game state to start: GameState: started: False
23:12:34 BOT          - INFO     Waiting for game state to start: GameState: started: False
23:12:49 BOT          - INFO     Waiting for game state to start: GameState: started: False
23:13:04 BOT          - INFO     Waiting for game state to start: GameState: started: False
23:13:19 BOT          - INFO     Waiting for game state to start: GameState: started: False
23:13:34 BOT          - INFO     Waiting for game state to start: GameState: started: False
23:13:49 BOT          - INFO     Waiting for game state to start: GameState: started: False
23:14:04 BOT          - INFO     Waiting for game state to start: GameState: started: False
23:14:19 BOT          - INFO     Waiting for game state to start: GameState: started: False
23:14:34 BOT          - INFO     Waiting for game state to start: GameState: started: False
23:14:49 BOT          - INFO     Waiting for game state to start: GameState: started: False
23:15:04 BOT          - INFO     Waiting for game state to start: GameState: started: False
23:15:19 BOT          - INFO     Waiting for game state to start: GameState: started: False
23:15:34 BOT          - INFO     Waiting for game state to start: GameState: started: False
23:15:49 BOT          - INFO     Waiting for game state to start: GameState: started: False
23:16:04 BOT          - INFO     Waiting for game state to start: GameState: started: False
23:16:19 BOT          - INFO     Waiting for game state to start: GameState: started: False
23:16:34 BOT          - INFO     Waiting for game state to start: GameState: started: False
23:16:49 BOT          - INFO     Waiting for game state to start: GameState: started: False
23:17:04 BOT          - INFO     Waiting for game state to start: GameState: started: False
23:17:19 BOT          - INFO     Waiting for game state to start: GameState: started: False
23:17:34 BOT          - INFO     Waiting for game state to start: GameState: started: False
23:17:49 BOT          - INFO     Waiting for game state to start: GameState: started: False
23:18:04 BOT          - INFO     Waiting for game state to start: GameState: started: False
23:18:19 BOT          - INFO     Waiting for game state to start: GameState: started: False
23:18:34 BOT          - INFO     Waiting for game state to start: GameState: started: False
23:18:49 BOT          - INFO     Waiting for game state to start: GameState: started: False
23:19:04 BOT          - INFO     Waiting for game state to start: GameState: started: False
23:19:19 BOT          - INFO     Waiting for game state to start: GameState: started: False
23:19:34 BOT          - INFO     Waiting for game state to start: GameState: started: False
23:19:49 BOT          - INFO     Waiting for game state to start: GameState: started: False
23:20:04 BOT          - INFO     Waiting for game state to start: GameState: started: False
23:20:19 BOT          - INFO     Waiting for game state to start: GameState: started: False
23:20:34 BOT          - INFO     Waiting for game state to start: GameState: started: False
23:20:49 BOT          - INFO     Waiting for game state to start: GameState: started: False
23:21:04 BOT          - INFO     Waiting for game state to start: GameState: started: False
23:21:19 BOT          - INFO     Waiting for game state to start: GameState: started: False
23:21:35 BOT          - INFO     Waiting for game state to start: GameState: started: False
23:21:50 BOT          - INFO     Waiting for game state to start: GameState: started: False
23:22:05 BOT          - INFO     Waiting for game state to start: GameState: started: False
23:22:20 BOT          - INFO     Waiting for game state to start: GameState: started: False
23:22:35 BOT          - INFO     Waiting for game state to start: GameState: started: False
23:22:50 BOT          - INFO     Waiting for game state to start: GameState: started: False
23:23:05 BOT          - INFO     Waiting for game state to start: GameState: started: False
23:23:20 BOT          - INFO     Waiting for game state to start: GameState: started: False
23:23:35 BOT          - INFO     Waiting for game state to start: GameState: started: False
23:23:50 BOT          - INFO     Waiting for game state to start: GameState: started: False
23:24:05 BOT          - INFO     Waiting for game state to start: GameState: started: False
